2023-09-23 14:47:06,521 [INFO] Activator:177 - 


2023-09-23 14:47:06,522 [INFO] Activator:178 - !SESSION log4j initialized
2023-09-23 14:49:48,753 [INFO] Activator:177 - 


2023-09-23 14:49:48,755 [INFO] Activator:178 - !SESSION log4j initialized
2023-09-23 14:50:01,460 [INFO] McuFinderGlobals:39 - Set McuFinder mode to 2 (CubeIDE integrated)
2023-09-23 14:50:01,549 [INFO] ApplicationProperties:181 - Using Application install path: C:\ST\STM32CubeIDE_1.7.0\STM32CubeIDE\plugins\com.st.stm32cube.common.mx_6.3.0.202107141111
2023-09-23 14:50:01,557 [INFO] DbMcusXml:74 - Set database path to: C:\ST\STM32CubeIDE_1.7.0\STM32CubeIDE\plugins\com.st.stm32cube.common.mx_6.3.0.202107141111\\db\/mcu/
2023-09-23 14:50:01,560 [INFO] DbBoardsPdsc:56 - Set plugin database path to: C:\ST\STM32CubeIDE_1.7.0\STM32CubeIDE\plugins\com.st.stm32cube.common.mx_6.3.0.202107141111\\db\/plugins/boardmanager/
2023-09-23 14:50:01,560 [INFO] DbMcus:258 - Set plugin images path to: C:\ST\STM32CubeIDE_1.7.0\STM32CubeIDE\plugins\com.st.stm32cube.common.mx_6.3.0.202107141111\\db\/plugins/mcufinder/images/
2023-09-23 14:50:01,560 [INFO] DbBoards:264 - Set plugin images path to: C:\ST\STM32CubeIDE_1.7.0\STM32CubeIDE\plugins\com.st.stm32cube.common.mx_6.3.0.202107141111\\db\/plugins/mcufinder/images/
2023-09-23 14:50:01,562 [INFO] DbExamples:333 - Set plugin images path to: C:\ST\STM32CubeIDE_1.7.0\STM32CubeIDE\plugins\com.st.stm32cube.common.mx_6.3.0.202107141111\\db\/plugins/mcufinder/images/
2023-09-23 14:50:01,566 [INFO] DbMcusAds:119 - Set database path to: C:\Users\USER\.stmcufinder\plugins\mcufinder//mcu/
2023-09-23 14:50:01,566 [INFO] DbMcusDocs:110 - Set database path to: C:\Users\USER\.stmcufinder\plugins\mcufinder//mcu/
2023-09-23 14:50:01,568 [INFO] DbMcusJson:64 - Set database path to: C:\Users\USER\.stmcufinder\plugins\mcufinder//mcu/
2023-09-23 14:50:01,568 [INFO] DbBoardsDocs:110 - Set database path to: C:\Users\USER\.stmcufinder\plugins\mcufinder//mcu/
2023-09-23 14:50:01,569 [INFO] DbBoardsJson:57 - Set database path to: C:\Users\USER\.stmcufinder\plugins\mcufinder//mcu/
2023-09-23 14:50:01,571 [INFO] CrossReferenceDbSqlite:196 - Set database path to: C:\Users\USER\.stmcufinder\plugins\mcufinder//mcu/cs/
2023-09-23 14:50:01,573 [INFO] DbExamplesSqlite:767 - Set database path to: C:\Users\USER\.stmcufinder\plugins\mcufinder//mcu/
2023-09-23 14:50:01,638 [INFO] RulesReader:57 - Compatibility file has been processed (242 Rules)
2023-09-23 14:50:01,696 [INFO] DbMcusXml:74 - Set database path to: C:\ST\STM32CubeIDE_1.7.0\STM32CubeIDE\plugins\com.st.stm32cube.common.mx_6.3.0.202107141111\\db\/mcu/
2023-09-23 14:50:01,697 [INFO] DbBoardsPdsc:56 - Set plugin database path to: C:\ST\STM32CubeIDE_1.7.0\STM32CubeIDE\plugins\com.st.stm32cube.common.mx_6.3.0.202107141111\\db\/plugins/boardmanager/
2023-09-23 14:50:01,697 [INFO] DbMcus:258 - Set plugin images path to: C:\ST\STM32CubeIDE_1.7.0\STM32CubeIDE\plugins\com.st.stm32cube.common.mx_6.3.0.202107141111\\db\/plugins/mcufinder/images/
2023-09-23 14:50:01,697 [INFO] DbBoards:264 - Set plugin images path to: C:\ST\STM32CubeIDE_1.7.0\STM32CubeIDE\plugins\com.st.stm32cube.common.mx_6.3.0.202107141111\\db\/plugins/mcufinder/images/
2023-09-23 14:50:01,697 [INFO] DbExamples:333 - Set plugin images path to: C:\ST\STM32CubeIDE_1.7.0\STM32CubeIDE\plugins\com.st.stm32cube.common.mx_6.3.0.202107141111\\db\/plugins/mcufinder/images/
2023-09-23 14:50:01,697 [WARN] DbFile:35 - Overriding database path with different value: C:\Users\USER\.stmcufinder\plugins\mcufinder/ => C:\Users\USER\.stmcufinder\plugins\mcufinder
2023-09-23 14:50:01,698 [INFO] DbMcusAds:119 - Set database path to: C:\Users\USER\.stmcufinder\plugins\mcufinder//mcu/
2023-09-23 14:50:01,698 [WARN] DbFile:35 - Overriding database path with different value: C:\Users\USER\.stmcufinder\plugins\mcufinder/ => C:\Users\USER\.stmcufinder\plugins\mcufinder
2023-09-23 14:50:01,698 [INFO] DbMcusDocs:110 - Set database path to: C:\Users\USER\.stmcufinder\plugins\mcufinder//mcu/
2023-09-23 14:50:01,698 [WARN] DbFile:35 - Overriding database path with different value: C:\Users\USER\.stmcufinder\plugins\mcufinder/ => C:\Users\USER\.stmcufinder\plugins\mcufinder
2023-09-23 14:50:01,698 [INFO] DbMcusJson:64 - Set database path to: C:\Users\USER\.stmcufinder\plugins\mcufinder//mcu/
2023-09-23 14:50:01,698 [WARN] DbFile:35 - Overriding database path with different value: C:\Users\USER\.stmcufinder\plugins\mcufinder/ => C:\Users\USER\.stmcufinder\plugins\mcufinder
2023-09-23 14:50:01,698 [INFO] DbBoardsDocs:110 - Set database path to: C:\Users\USER\.stmcufinder\plugins\mcufinder//mcu/
2023-09-23 14:50:01,698 [WARN] DbFile:35 - Overriding database path with different value: C:\Users\USER\.stmcufinder\plugins\mcufinder/ => C:\Users\USER\.stmcufinder\plugins\mcufinder
2023-09-23 14:50:01,698 [INFO] DbBoardsJson:57 - Set database path to: C:\Users\USER\.stmcufinder\plugins\mcufinder//mcu/
2023-09-23 14:50:01,698 [WARN] DbFile:35 - Overriding database path with different value: C:\Users\USER\.stmcufinder\plugins\mcufinder/ => C:\Users\USER\.stmcufinder\plugins\mcufinder
2023-09-23 14:50:01,698 [WARN] DbFile:35 - Overriding database path with different value: C:\Users\USER\.stmcufinder\plugins\mcufinder/ => C:\Users\USER\.stmcufinder\plugins\mcufinder
2023-09-23 14:50:01,699 [INFO] CrossReferenceDbSqlite:196 - Set database path to: C:\Users\USER\.stmcufinder\plugins\mcufinder//mcu/cs/
2023-09-23 14:50:01,699 [WARN] DbFile:35 - Overriding database path with different value: C:\Users\USER\.stmcufinder\plugins\mcufinder/ => C:\Users\USER\.stmcufinder\plugins\mcufinder
2023-09-23 14:50:01,699 [INFO] DbExamplesSqlite:767 - Set database path to: C:\Users\USER\.stmcufinder\plugins\mcufinder//mcu/
2023-09-23 14:50:01,743 [INFO] MainPanel:214 - HeapMemory: 268435456
2023-09-23 14:50:01,792 [INFO] DbMcusXml:74 - Set database path to: C:\ST\STM32CubeIDE_1.7.0\STM32CubeIDE\plugins\com.st.stm32cube.common.mx_6.3.0.202107141111\\db\/mcu/
2023-09-23 14:50:01,792 [INFO] DbBoardsPdsc:56 - Set plugin database path to: C:\ST\STM32CubeIDE_1.7.0\STM32CubeIDE\plugins\com.st.stm32cube.common.mx_6.3.0.202107141111\\db\/plugins/boardmanager/
2023-09-23 14:50:01,792 [INFO] DbMcus:258 - Set plugin images path to: C:\ST\STM32CubeIDE_1.7.0\STM32CubeIDE\plugins\com.st.stm32cube.common.mx_6.3.0.202107141111\\db\/plugins/mcufinder/images/
2023-09-23 14:50:01,793 [INFO] DbBoards:264 - Set plugin images path to: C:\ST\STM32CubeIDE_1.7.0\STM32CubeIDE\plugins\com.st.stm32cube.common.mx_6.3.0.202107141111\\db\/plugins/mcufinder/images/
2023-09-23 14:50:01,793 [INFO] DbExamples:333 - Set plugin images path to: C:\ST\STM32CubeIDE_1.7.0\STM32CubeIDE\plugins\com.st.stm32cube.common.mx_6.3.0.202107141111\\db\/plugins/mcufinder/images/
2023-09-23 14:50:01,793 [WARN] DbFile:35 - Overriding database path with different value: C:\Users\USER\.stmcufinder\plugins\mcufinder/ => C:\Users\USER\.stmcufinder\plugins\mcufinder
2023-09-23 14:50:01,793 [INFO] DbMcusAds:119 - Set database path to: C:\Users\USER\.stmcufinder\plugins\mcufinder//mcu/
2023-09-23 14:50:01,793 [WARN] DbFile:35 - Overriding database path with different value: C:\Users\USER\.stmcufinder\plugins\mcufinder/ => C:\Users\USER\.stmcufinder\plugins\mcufinder
2023-09-23 14:50:01,793 [INFO] DbMcusDocs:110 - Set database path to: C:\Users\USER\.stmcufinder\plugins\mcufinder//mcu/
2023-09-23 14:50:01,793 [WARN] DbFile:35 - Overriding database path with different value: C:\Users\USER\.stmcufinder\plugins\mcufinder/ => C:\Users\USER\.stmcufinder\plugins\mcufinder
2023-09-23 14:50:01,793 [INFO] DbMcusJson:64 - Set database path to: C:\Users\USER\.stmcufinder\plugins\mcufinder//mcu/
2023-09-23 14:50:01,793 [WARN] DbFile:35 - Overriding database path with different value: C:\Users\USER\.stmcufinder\plugins\mcufinder/ => C:\Users\USER\.stmcufinder\plugins\mcufinder
2023-09-23 14:50:01,793 [INFO] DbBoardsDocs:110 - Set database path to: C:\Users\USER\.stmcufinder\plugins\mcufinder//mcu/
2023-09-23 14:50:01,794 [WARN] DbFile:35 - Overriding database path with different value: C:\Users\USER\.stmcufinder\plugins\mcufinder/ => C:\Users\USER\.stmcufinder\plugins\mcufinder
2023-09-23 14:50:01,794 [INFO] DbBoardsJson:57 - Set database path to: C:\Users\USER\.stmcufinder\plugins\mcufinder//mcu/
2023-09-23 14:50:01,794 [WARN] DbFile:35 - Overriding database path with different value: C:\Users\USER\.stmcufinder\plugins\mcufinder/ => C:\Users\USER\.stmcufinder\plugins\mcufinder
2023-09-23 14:50:01,794 [WARN] DbFile:35 - Overriding database path with different value: C:\Users\USER\.stmcufinder\plugins\mcufinder/ => C:\Users\USER\.stmcufinder\plugins\mcufinder
2023-09-23 14:50:01,794 [INFO] CrossReferenceDbSqlite:196 - Set database path to: C:\Users\USER\.stmcufinder\plugins\mcufinder//mcu/cs/
2023-09-23 14:50:01,794 [WARN] DbFile:35 - Overriding database path with different value: C:\Users\USER\.stmcufinder\plugins\mcufinder/ => C:\Users\USER\.stmcufinder\plugins\mcufinder
2023-09-23 14:50:01,794 [INFO] DbExamplesSqlite:767 - Set database path to: C:\Users\USER\.stmcufinder\plugins\mcufinder//mcu/
2023-09-23 14:50:01,807 [INFO] ApplicationProperties:181 - Using Application install path: C:\ST\STM32CubeIDE_1.7.0\STM32CubeIDE\plugins\com.st.stm32cube.common.mx_6.3.0.202107141111
2023-09-23 14:50:01,808 [INFO] PluginManage:188 - Search for loadable plugins [exclusion list=, ]
2023-09-23 14:50:01,809 [INFO] PluginManage:302 - Check plugin analytics
2023-09-23 14:50:01,920 [INFO] AnalyticsPlugin:257 - Accepted Software Licenses: 
2023-09-23 14:50:01,921 [INFO] AnalyticsPlugin:259 - Accepted CMSIS Pack Licenses: 
2023-09-23 14:50:01,921 [INFO] AnalyticsPlugin:261 - Accepted Firmware Licenses: 
2023-09-23 14:50:01,921 [INFO] PluginManage:352 - Loaded plugin analytics (category:tool,tabindex:-1)
2023-09-23 14:50:01,921 [INFO] PluginManage:302 - Check plugin clock
2023-09-23 14:50:01,930 [INFO] PluginManage:352 - Loaded plugin clock (category:base,tabindex:2)
2023-09-23 14:50:01,930 [INFO] PluginManage:302 - Check plugin ddr
2023-09-23 14:50:01,931 [INFO] PluginManage:352 - Loaded plugin ddr (category:tool,tabindex:6)
2023-09-23 14:50:01,931 [INFO] PluginManage:302 - Check plugin filemanager
2023-09-23 14:50:02,021 [INFO] PluginManage:352 - Loaded plugin filemanager (category:base,tabindex:10)
2023-09-23 14:50:02,021 [INFO] PluginManage:302 - Check plugin ipmanager
2023-09-23 14:50:02,026 [INFO] PluginManage:352 - Loaded plugin ipmanager (category:base,tabindex:5)
2023-09-23 14:50:02,027 [INFO] PluginManage:302 - Check plugin pinoutandconfiguration
2023-09-23 14:50:02,033 [INFO] PluginManage:352 - Loaded plugin pinoutandconfiguration (category:base,tabindex:1)
2023-09-23 14:50:02,033 [INFO] PluginManage:302 - Check plugin pinoutconfig
2023-09-23 14:50:02,052 [INFO] PluginManage:352 - Loaded plugin pinoutconfig (category:base,tabindex:0)
2023-09-23 14:50:02,053 [INFO] PluginManage:302 - Check plugin power
2023-09-23 14:50:02,060 [INFO] PluginManage:352 - Loaded plugin power (category:power,tabindex:4)
2023-09-23 14:50:02,060 [INFO] PluginManage:302 - Check plugin projectmanager
2023-09-23 14:50:02,073 [INFO] PluginManage:352 - Loaded plugin projectmanager (category:projectmanager,tabindex:3)
2023-09-23 14:50:02,073 [INFO] PluginManage:302 - Check plugin thirdparty
2023-09-23 14:50:02,174 [WARN] IntegrityCheckThread:78 - waiting for thirdparty lock release [integrity check]
2023-09-23 14:50:02,175 [INFO] PluginManage:352 - Loaded plugin thirdparty (category:base,tabindex:-1)
2023-09-23 14:50:02,175 [INFO] IntegrityCheckThread:80 - entering critical section [integrity check]
2023-09-23 14:50:02,175 [INFO] PluginManage:302 - Check plugin tools
2023-09-23 14:50:02,175 [INFO] ThirdPartyUpdaterWithRetryManager:66 - Updater plugin not ready yet. [1/15]
2023-09-23 14:50:02,177 [INFO] PluginManage:352 - Loaded plugin tools (category:base,tabindex:7)
2023-09-23 14:50:02,177 [INFO] PluginManage:302 - Check plugin tutovideos
2023-09-23 14:50:02,328 [INFO] PluginManage:352 - Loaded plugin tutovideos (category:base,tabindex:-1)
2023-09-23 14:50:02,328 [INFO] PluginManage:302 - Check plugin updater
2023-09-23 14:50:02,338 [INFO] PluginManage:352 - Loaded plugin updater (category:base,tabindex:12)
2023-09-23 14:50:02,339 [INFO] PluginManage:275 - PluginManage : Loaded plugins [13]
2023-09-23 14:50:02,464 [INFO] PinOutPanel:1463 - setPackage(No Configuration,No Configuration)
2023-09-23 14:50:02,525 [INFO] IPUIPlugin:74 - create IPUIPlugin
2023-09-23 14:50:02,525 [INFO] PluginManager:213 - loadIPPluginJar : add adc
2023-09-23 14:50:02,527 [INFO] IPUIPlugin:74 - create IPUIPlugin
2023-09-23 14:50:02,527 [INFO] PluginManager:213 - loadIPPluginJar : add aes
2023-09-23 14:50:02,528 [INFO] IPUIPlugin:74 - create IPUIPlugin
2023-09-23 14:50:02,529 [INFO] PluginManager:213 - loadIPPluginJar : add can
2023-09-23 14:50:02,530 [INFO] IPUIPlugin:74 - create IPUIPlugin
2023-09-23 14:50:02,530 [INFO] PluginManager:213 - loadIPPluginJar : add comp
2023-09-23 14:50:02,531 [INFO] IPUIPlugin:74 - create IPUIPlugin
2023-09-23 14:50:02,532 [INFO] PluginManager:213 - loadIPPluginJar : add cryp
2023-09-23 14:50:02,533 [INFO] IPUIPlugin:74 - create IPUIPlugin
2023-09-23 14:50:02,533 [INFO] PluginManager:213 - loadIPPluginJar : add dfsdm
2023-09-23 14:50:02,537 [INFO] IPUIPlugin:74 - create IPUIPlugin
2023-09-23 14:50:02,538 [INFO] PluginManager:213 - loadIPPluginJar : add dma
2023-09-23 14:50:02,539 [INFO] IPUIPlugin:74 - create IPUIPlugin
2023-09-23 14:50:02,539 [INFO] PluginManager:213 - loadIPPluginJar : add dma3
2023-09-23 14:50:02,540 [INFO] IPUIPlugin:74 - create IPUIPlugin
2023-09-23 14:50:02,541 [INFO] PluginManager:213 - loadIPPluginJar : add fatfs
2023-09-23 14:50:02,543 [INFO] IPUIPlugin:74 - create IPUIPlugin
2023-09-23 14:50:02,544 [INFO] PluginManager:213 - loadIPPluginJar : add fmc
2023-09-23 14:50:02,548 [INFO] IPUIPlugin:74 - create IPUIPlugin
2023-09-23 14:50:02,548 [INFO] PluginManager:213 - loadIPPluginJar : add freertos
2023-09-23 14:50:02,550 [INFO] IPUIPlugin:74 - create IPUIPlugin
2023-09-23 14:50:02,550 [INFO] PluginManager:213 - loadIPPluginJar : add genericplugin
2023-09-23 14:50:02,551 [INFO] IPUIPlugin:74 - create IPUIPlugin
2023-09-23 14:50:02,551 [INFO] PluginManager:213 - loadIPPluginJar : add gfxmmu
2023-09-23 14:50:02,555 [INFO] IPUIPlugin:74 - create IPUIPlugin
2023-09-23 14:50:02,555 [INFO] PluginManager:213 - loadIPPluginJar : add gic
2023-09-23 14:50:02,558 [INFO] IPUIPlugin:74 - create IPUIPlugin
2023-09-23 14:50:02,558 [INFO] PluginManager:213 - loadIPPluginJar : add gpio
2023-09-23 14:50:02,560 [INFO] IPUIPlugin:74 - create IPUIPlugin
2023-09-23 14:50:02,560 [INFO] PluginManager:213 - loadIPPluginJar : add gtzc
2023-09-23 14:50:02,561 [INFO] IPUIPlugin:74 - create IPUIPlugin
2023-09-23 14:50:02,562 [INFO] PluginManager:213 - loadIPPluginJar : add hash
2023-09-23 14:50:02,564 [INFO] IPUIPlugin:74 - create IPUIPlugin
2023-09-23 14:50:02,564 [INFO] PluginManager:213 - loadIPPluginJar : add i2c
2023-09-23 14:50:02,566 [INFO] IPUIPlugin:74 - create IPUIPlugin
2023-09-23 14:50:02,566 [INFO] PluginManager:213 - loadIPPluginJar : add i2s
2023-09-23 14:50:02,568 [INFO] IPUIPlugin:74 - create IPUIPlugin
2023-09-23 14:50:02,568 [INFO] PluginManager:213 - loadIPPluginJar : add ipddr
2023-09-23 14:50:02,573 [INFO] IPUIPlugin:74 - create IPUIPlugin
2023-09-23 14:50:02,573 [INFO] PluginManager:213 - loadIPPluginJar : add linkedlist
2023-09-23 14:50:02,574 [INFO] IPUIPlugin:74 - create IPUIPlugin
2023-09-23 14:50:02,575 [INFO] PluginManager:213 - loadIPPluginJar : add lorawan
2023-09-23 14:50:02,575 [INFO] IPUIPlugin:74 - create IPUIPlugin
2023-09-23 14:50:02,576 [INFO] PluginManager:213 - loadIPPluginJar : add ltdc
2023-09-23 14:50:02,578 [INFO] IPUIPlugin:74 - create IPUIPlugin
2023-09-23 14:50:02,578 [INFO] PluginManager:213 - loadIPPluginJar : add mdma
2023-09-23 14:50:02,581 [INFO] IPUIPlugin:74 - create IPUIPlugin
2023-09-23 14:50:02,581 [INFO] PluginManager:213 - loadIPPluginJar : add nvic
2023-09-23 14:50:02,583 [INFO] IPUIPlugin:74 - create IPUIPlugin
2023-09-23 14:50:02,583 [INFO] PluginManager:213 - loadIPPluginJar : add opamp
2023-09-23 14:50:02,585 [INFO] IPUIPlugin:74 - create IPUIPlugin
2023-09-23 14:50:02,585 [INFO] PluginManager:213 - loadIPPluginJar : add openamp
2023-09-23 14:50:02,587 [INFO] IPUIPlugin:74 - create IPUIPlugin
2023-09-23 14:50:02,587 [INFO] PluginManager:213 - loadIPPluginJar : add pdm2pcm
2023-09-23 14:50:02,591 [INFO] IPUIPlugin:74 - create IPUIPlugin
2023-09-23 14:50:02,593 [INFO] PluginManager:213 - loadIPPluginJar : add plateformsettings
2023-09-23 14:50:02,594 [INFO] IPUIPlugin:74 - create IPUIPlugin
2023-09-23 14:50:02,595 [INFO] PluginManager:213 - loadIPPluginJar : add quadspi
2023-09-23 14:50:02,597 [INFO] IPUIPlugin:74 - create IPUIPlugin
2023-09-23 14:50:02,597 [INFO] PluginManager:213 - loadIPPluginJar : add resmgrutility
2023-09-23 14:50:02,599 [INFO] IPUIPlugin:74 - create IPUIPlugin
2023-09-23 14:50:02,599 [INFO] PluginManager:213 - loadIPPluginJar : add sai
2023-09-23 14:50:02,601 [INFO] IPUIPlugin:74 - create IPUIPlugin
2023-09-23 14:50:02,601 [INFO] PluginManager:213 - loadIPPluginJar : add spi
2023-09-23 14:50:02,604 [INFO] IPUIPlugin:74 - create IPUIPlugin
2023-09-23 14:50:02,604 [INFO] PluginManager:213 - loadIPPluginJar : add stm32_wpan
2023-09-23 14:50:02,605 [INFO] IPUIPlugin:74 - create IPUIPlugin
2023-09-23 14:50:02,605 [INFO] PluginManager:213 - loadIPPluginJar : add tim
2023-09-23 14:50:02,607 [INFO] IPUIPlugin:74 - create IPUIPlugin
2023-09-23 14:50:02,607 [INFO] PluginManager:213 - loadIPPluginJar : add touchsensing
2023-09-23 14:50:02,608 [INFO] IPUIPlugin:74 - create IPUIPlugin
2023-09-23 14:50:02,608 [INFO] PluginManager:213 - loadIPPluginJar : add tracer_emb
2023-09-23 14:50:02,610 [INFO] IPUIPlugin:74 - create IPUIPlugin
2023-09-23 14:50:02,610 [INFO] PluginManager:213 - loadIPPluginJar : add ts
2023-09-23 14:50:02,611 [INFO] IPUIPlugin:74 - create IPUIPlugin
2023-09-23 14:50:02,611 [INFO] PluginManager:213 - loadIPPluginJar : add tsc
2023-09-23 14:50:02,612 [INFO] IPUIPlugin:74 - create IPUIPlugin
2023-09-23 14:50:02,612 [INFO] PluginManager:213 - loadIPPluginJar : add ucpd
2023-09-23 14:50:02,614 [INFO] IPUIPlugin:74 - create IPUIPlugin
2023-09-23 14:50:02,614 [INFO] PluginManager:213 - loadIPPluginJar : add usart
2023-09-23 14:50:02,616 [INFO] IPUIPlugin:74 - create IPUIPlugin
2023-09-23 14:50:02,616 [INFO] PluginManager:213 - loadIPPluginJar : add usbx
2023-09-23 14:50:02,853 [FATAL] Updater:294 - Updater called before beeing initialized
2023-09-23 14:50:02,933 [FATAL] Updater:294 - Updater called before beeing initialized
2023-09-23 14:50:02,936 [INFO] DbMcusAds:47 - JSON generation date=Tue Mar 07 15:50:55 ICT 2023 (1678179055114)
2023-09-23 14:50:02,936 [FATAL] Updater:294 - Updater called before beeing initialized
2023-09-23 14:50:02,964 [WARN] DetailPanel:314 - Failed to get advertising image, set to default
2023-09-23 14:50:03,039 [FATAL] Updater:294 - Updater called before beeing initialized
2023-09-23 14:50:03,040 [FATAL] Updater:294 - Updater called before beeing initialized
2023-09-23 14:50:03,040 [FATAL] Updater:294 - Updater called before beeing initialized
2023-09-23 14:50:03,040 [WARN] DetailPanel:314 - Failed to get advertising image, set to default
2023-09-23 14:50:03,041 [FATAL] Updater:294 - Updater called before beeing initialized
2023-09-23 14:50:03,079 [ERROR] Updater:1075 - MainUpdater not yet initialized. External WinMGr cannot be set.
2023-09-23 14:50:03,081 [INFO] Updater:1012 - Updater Version found : 6.3.0
2023-09-23 14:50:03,095 [INFO] ApplicationProperties:181 - Using Application install path: C:\ST\STM32CubeIDE_1.7.0\STM32CubeIDE\plugins\com.st.stm32cube.common.mx_6.3.0.202107141111
2023-09-23 14:50:03,436 [INFO] MainUpdater:2671 - connection check result : 10
2023-09-23 14:50:03,436 [INFO] MainUpdater:265 - Updater Check For Update Now.
2023-09-23 14:50:03,436 [INFO] MicroXplorer:478 - Change Database Version : DB.6.0.30
2023-09-23 14:50:03,580 [INFO] CheckServerUpdateThread:112 - End of CheckServer Thread
2023-09-23 14:50:03,646 [INFO] MainUpdater:2671 - connection check result : 10
2023-09-23 14:50:03,819 [INFO] McuFinderGlobals:52 - Set McuFinderConnectedMode to false
2023-09-23 14:50:03,895 [INFO] CrossSelectorPresenter:1330 - Cross Selector saved comparison directory: C:\Users\USER\.stmcufinder\plugins\mcufinder\mcu\cs_comparisons_mx
2023-09-23 14:50:03,899 [INFO] MultiScanPanel:197 - Auto-refresh data requested => check proxy status ongoing
2023-09-23 14:50:03,899 [INFO] MultiScanPanel:201 - Proxy status is invalid
2023-09-23 14:50:03,902 [INFO] FinderPluginLoader:87 - Searching for filters in installed packs
2023-09-23 14:50:03,903 [INFO] DbMcusXml:100 - Load MCU database from C:\ST\STM32CubeIDE_1.7.0\STM32CubeIDE\plugins\com.st.stm32cube.common.mx_6.3.0.202107141111\\db\/mcu/families.xml
2023-09-23 14:50:04,571 [INFO] DbMcusJson:93 - JSON generation date=Tue Nov 16 23:17:54 ICT 2021 (1637079474)
2023-09-23 14:50:05,145 [INFO] DbMcus:175 - Found 1951 MCUs (1903 are supported by CubeMX, 1914 are visible in CubeMX)
2023-09-23 14:50:05,146 [INFO] ApiDb:251 - Load user favorites file C:\Users\USER/.stm32cubeide/favorites.mcus.txt: 0 item(s)
2023-09-23 14:50:05,146 [INFO] ApiDb:255 - User favorites MCUs=[]
2023-09-23 14:50:05,146 [INFO] DbMcus:187 - Set 0 / 0 favorites MCUs
2023-09-23 14:50:05,283 [ERROR] Engine:463 - C:\Users\USER\.stm32cubemx\thirdparties\pdsc\STMicroelectronics.X-CUBE-SMBUS.2.1.0.pdsc: PDSC version is not supported
2023-09-23 14:50:05,330 [WARN] PackLoader:238 - Cannot read IP mode file for STMicroelectronics.X-CUBE-AZRTOS-F7.1.1.0
2023-09-23 14:50:05,337 [ERROR] Engine:463 - C:\Users\USER\.stm32cubemx\thirdparties\pdsc\STMicroelectronics.FP-SNS-MOTENV1.4.3.2.pdsc: PDSC version is not supported
2023-09-23 14:50:05,338 [ERROR] Engine:463 - C:\Users\USER\.stm32cubemx\thirdparties\pdsc\STMicroelectronics.FP-SNS-FLIGHT1.5.0.1.pdsc: PDSC version is not supported
2023-09-23 14:50:05,344 [WARN] PackLoader:238 - Cannot read IP mode file for STMicroelectronics.X-CUBE-BLE1.6.2.4
2023-09-23 14:50:05,346 [ERROR] Engine:463 - C:\Users\USER\.stm32cubemx\thirdparties\pdsc\STMicroelectronics.FP-SNS-FLIGHT1.5.0.2.pdsc: PDSC version is not supported
2023-09-23 14:50:05,349 [ERROR] Engine:463 - C:\Users\USER\.stm32cubemx\thirdparties\pdsc\STMicroelectronics.X-CUBE-DISPLAY.3.0.0.pdsc: PDSC version is not supported
2023-09-23 14:50:05,352 [WARN] PackLoader:238 - Cannot read IP mode file for STMicroelectronics.X-CUBE-BLE1.7.0.0
2023-09-23 14:50:05,355 [WARN] PackLoader:238 - Cannot read IP mode file for STMicroelectronics.X-CUBE-TOUCHGFX.4.22.0
2023-09-23 14:50:05,357 [ERROR] Engine:463 - C:\Users\USER\.stm32cubemx\thirdparties\pdsc\STMicroelectronics.FP-SNS-SMARTAG2.1.2.0.pdsc: PDSC version is not supported
2023-09-23 14:50:05,364 [INFO] LogOutputStream:76 - [STDOUT_REDIRECT] 1 : Invalid condition id : UX_CORESTACK_Condition cause : null
2023-09-23 14:50:05,366 [INFO] LogOutputStream:76 - [STDOUT_REDIRECT] 1 : Invalid condition id : UX_CORESTACK_Condition cause : null
2023-09-23 14:50:05,367 [INFO] LogOutputStream:76 - [STDOUT_REDIRECT] 1 : Invalid condition id : UX_CORESTACK_Condition cause : null
2023-09-23 14:50:05,368 [INFO] LogOutputStream:76 - [STDOUT_REDIRECT] 1 : Invalid condition id : UX_CORESTACK_Condition cause : null
2023-09-23 14:50:05,369 [INFO] LogOutputStream:76 - [STDOUT_REDIRECT] 1 : Invalid condition id : UX_CORESTACK_Condition cause : null
2023-09-23 14:50:05,380 [WARN] PackLoader:238 - Cannot read IP mode file for STMicroelectronics.X-CUBE-AZRTOS-WL.2.0.0
2023-09-23 14:50:05,388 [WARN] PackLoader:238 - Cannot read IP mode file for WES.I-CUBE-Cesium.1.3.0
2023-09-23 14:50:05,392 [WARN] PackLoader:238 - Cannot read IP mode file for STMicroelectronics.X-CUBE-BLE2.3.3.0
2023-09-23 14:50:05,398 [WARN] PackLoader:238 - Cannot read IP mode file for STMicroelectronics.X-CUBE-ALGOBUILD.1.3.0
2023-09-23 14:50:05,415 [WARN] PackLoader:238 - Cannot read IP mode file for STMicroelectronics.X-CUBE-AZRTOS-G0.1.1.0
2023-09-23 14:50:05,423 [WARN] PackLoader:238 - Cannot read IP mode file for STMicroelectronics.X-CUBE-NFC4.3.0.0
2023-09-23 14:50:05,428 [WARN] PackLoader:238 - Cannot read IP mode file for STMicroelectronics.FP-ATR-SIGFOX1.3.2.0
2023-09-23 14:50:05,460 [WARN] PackLoader:238 - Cannot read IP mode file for SEGGER.I-CUBE-embOS.1.3.1
2023-09-23 14:50:05,504 [WARN] PackLoader:238 - Cannot read IP mode file for STMicroelectronics.X-CUBE-GNSS1.6.0.0
2023-09-23 14:50:05,519 [WARN] PackLoader:238 - Cannot read IP mode file for STMicroelectronics.X-CUBE-AZRTOS-F4.1.1.0
2023-09-23 14:50:05,525 [WARN] PackLoader:238 - Cannot read IP mode file for wolfSSL.I-CUBE-wolfSSL.5.6.0
2023-09-23 14:50:05,531 [INFO] DetailPanel:309 - Set advertising image to C:/Users/USER/STM32Cube/Repository/\en.prom-stm32h5-mcu-finder.jpg
2023-09-23 14:50:05,541 [WARN] PackLoader:238 - Cannot read IP mode file for STMicroelectronics.X-CUBE-AZRTOS-L5.2.0.0
2023-09-23 14:50:05,584 [WARN] PackLoader:238 - Cannot read IP mode file for STMicroelectronics.X-CUBE-MEMS1.9.6.0
2023-09-23 14:50:05,770 [ERROR] Engine:463 - C:\Users\USER\.stm32cubemx\thirdparties\pdsc\emotas.I-CUBE-CANOPEN.1.1.3.pdsc: PDSC version is not supported
2023-09-23 14:50:05,776 [WARN] PackLoader:238 - Cannot read IP mode file for STMicroelectronics.X-CUBE-BLEMGR.2.0.0
2023-09-23 14:50:05,799 [WARN] ConditionMgr:437 - getConditionDescription Invalid condition id : UX DEVICE CLASS RTOS Condition cause : null
2023-09-23 14:50:05,799 [WARN] ConditionMgr:437 - getConditionDescription Invalid condition id : UX DEVICE CLASS RTOS Condition cause : null
2023-09-23 14:50:05,802 [WARN] PackLoader:238 - Cannot read IP mode file for STMicroelectronics.X-CUBE-AZRTOS-H7.3.1.0
2023-09-23 14:50:05,802 [WARN] ConditionMgr:1038 - genDependencies : Invalid condition id : UX DEVICE CLASS RTOS Condition cause : null
2023-09-23 14:50:05,803 [WARN] ConditionMgr:1038 - genDependencies : Invalid condition id : UX DEVICE CLASS RTOS Condition cause : null
2023-09-23 14:50:05,803 [WARN] ConditionMgr:1038 - genDependencies : Invalid condition id : UX DEVICE CLASS RTOS Condition cause : null
2023-09-23 14:50:05,803 [WARN] ConditionMgr:1038 - genDependencies : Invalid condition id : UX DEVICE CLASS RTOS Condition cause : null
2023-09-23 14:50:05,804 [WARN] ConditionMgr:1038 - genDependencies : Invalid condition id : UX DEVICE CLASS RTOS Condition cause : null
2023-09-23 14:50:05,809 [WARN] PackLoader:238 - Cannot read IP mode file for STMicroelectronics.X-CUBE-NFC7.1.0.1
2023-09-23 14:50:05,815 [WARN] PackLoader:238 - Cannot read IP mode file for STMicroelectronics.X-CUBE-NFC6.3.0.0
2023-09-23 14:50:05,820 [WARN] PackLoader:238 - Cannot read IP mode file for STMicroelectronics.X-CUBE-EEPRMA1.4.1.0
2023-09-23 14:50:05,824 [WARN] PackLoader:238 - Cannot read IP mode file for STMicroelectronics.X-CUBE-AI.8.1.0
2023-09-23 14:50:05,841 [WARN] ConditionMgr:437 - getConditionDescription Invalid condition id : LAN8742 Phy interface Condition cause : null
2023-09-23 14:50:05,842 [WARN] PackLoader:238 - Cannot read IP mode file for STMicroelectronics.X-CUBE-AZRTOS-L4.2.0.0
2023-09-23 14:50:05,843 [WARN] ConditionMgr:1038 - genDependencies : Invalid condition id : LAN8742 Phy interface Condition cause : null
2023-09-23 14:50:05,843 [WARN] ConditionMgr:1038 - genDependencies : Invalid condition id : LAN8742 Phy interface Condition cause : null
2023-09-23 14:50:05,844 [WARN] ConditionMgr:1038 - genDependencies : Invalid condition id : LAN8742 Phy interface Condition cause : null
2023-09-23 14:50:05,850 [WARN] PackLoader:238 - Cannot read IP mode file for STMicroelectronics.X-CUBE-SFXS2LP1.4.0.0
2023-09-23 14:50:05,854 [WARN] PackLoader:238 - Cannot read IP mode file for STMicroelectronics.X-CUBE-ISPU.1.1.0
2023-09-23 14:50:05,866 [WARN] ConditionMgr:437 - getConditionDescription Invalid condition id : UX DEVICE CLASS RTOS Condition cause : null
2023-09-23 14:50:05,866 [WARN] ConditionMgr:437 - getConditionDescription Invalid condition id : UX DEVICE CLASS RTOS Condition cause : null
2023-09-23 14:50:05,867 [WARN] PackLoader:238 - Cannot read IP mode file for STMicroelectronics.X-CUBE-AZRTOS-WB.2.0.0
2023-09-23 14:50:05,868 [WARN] ConditionMgr:1038 - genDependencies : Invalid condition id : UX DEVICE CLASS RTOS Condition cause : null
2023-09-23 14:50:05,868 [WARN] ConditionMgr:1038 - genDependencies : Invalid condition id : UX DEVICE CLASS RTOS Condition cause : null
2023-09-23 14:50:05,868 [WARN] ConditionMgr:1038 - genDependencies : Invalid condition id : UX DEVICE CLASS RTOS Condition cause : null
2023-09-23 14:50:05,869 [WARN] ConditionMgr:1038 - genDependencies : Invalid condition id : UX DEVICE CLASS RTOS Condition cause : null
2023-09-23 14:50:05,869 [WARN] ConditionMgr:1038 - genDependencies : Invalid condition id : UX DEVICE CLASS RTOS Condition cause : null
2023-09-23 14:50:05,871 [ERROR] Engine:463 - C:\Users\USER\.stm32cubemx\thirdparties\pdsc\STMicroelectronics.X-CUBE-FREERTOS.1.0.1.pdsc: PDSC version is not supported
2023-09-23 14:50:05,886 [WARN] PackLoader:238 - Cannot read IP mode file for STMicroelectronics.X-CUBE-AZRTOS-L5.1.1.0
2023-09-23 14:50:05,889 [INFO] DbBoardsPdsc:90 - Found 25 items
2023-09-23 14:50:05,890 [INFO] DbBoardsPdsc:90 - Found 9 items
2023-09-23 14:50:05,891 [WARN] PackLoader:238 - Cannot read IP mode file for STMicroelectronics.X-CUBE-AI.8.0.1
2023-09-23 14:50:05,893 [INFO] DbBoardsPdsc:90 - Found 33 items
2023-09-23 14:50:05,894 [INFO] DbBoardsPdsc:90 - Found 1 items
2023-09-23 14:50:05,898 [WARN] PackLoader:238 - Cannot read IP mode file for STMicroelectronics.X-CUBE-SUBG2.5.0.0
2023-09-23 14:50:05,899 [INFO] DbBoardsPdsc:90 - Found 48 items
2023-09-23 14:50:05,904 [INFO] DbBoardsPdsc:90 - Found 43 items
2023-09-23 14:50:05,906 [INFO] DbBoardsPdsc:90 - Found 2 items
2023-09-23 14:50:05,907 [ERROR] Engine:463 - C:\Users\USER\.stm32cubemx\thirdparties\pdsc\STMicroelectronics.X-CUBE-TOF1.3.3.1.pdsc: PDSC version is not supported
2023-09-23 14:50:05,907 [INFO] DbBoardsPdsc:90 - Found 5 items
2023-09-23 14:50:05,911 [WARN] DbBoardsPdsc:254 - Board STM32H7B3I-DK: unknown feature type=Audio, name=, username=Audio stereo codec with Headphone Amp (CS42L51-CNZ), n=1
2023-09-23 14:50:05,911 [WARN] DbBoardsPdsc:254 - Board STM32H735G-DK: unknown feature type=Audio, name=, username=Audio stereo codec with Headphone Amp (WM8994ECS/R), n=1
2023-09-23 14:50:05,912 [WARN] DbBoardsPdsc:254 - Board STM32H7B3I-EVAL: unknown feature type=Audio, name=, username=Multi-Channel Audio Codec (CS42L51-CNZ), n=1
2023-09-23 14:50:05,912 [WARN] DbBoardsPdsc:254 - Board STM32H7B3I-EVAL: unknown feature type=Meter, name=, username=Power-metering and Temperature-monitoring with sigma-delta modulators, n=1
2023-09-23 14:50:05,912 [WARN] DbBoardsPdsc:254 - Board STM32H7B3I-EVAL: unknown feature type=Motor, name=, username=Motor Control, n=1
2023-09-23 14:50:05,913 [WARN] DbBoardsPdsc:254 - Board STM32U575I-EV: unknown feature type=joystick, name=, username=4-direction joystick with selection button, n=1
2023-09-23 14:50:05,919 [WARN] PackLoader:238 - Cannot read IP mode file for STMicroelectronics.X-CUBE-AZRTOS-G4.2.0.0
2023-09-23 14:50:05,928 [INFO] DbBoardsJson:86 - JSON generation date=Tue Nov 16 23:17:54 ICT 2021 (1637079474)
2023-09-23 14:50:05,929 [WARN] PackLoader:238 - Cannot read IP mode file for STMicroelectronics.X-CUBE-TOF1.3.3.0
2023-09-23 14:50:05,933 [INFO] DbBoards:117 - Found 167 boards (163 are supported by CubeMX)
2023-09-23 14:50:05,935 [INFO] DbBoardsDocs:143 - JSON generation date=Tue Nov 16 23:17:54 ICT 2021 (1637079474)
2023-09-23 14:50:05,938 [INFO] DbBoardsDocs:79 - Found 209 boards documents
2023-09-23 14:50:05,938 [WARN] DbBoards:127 - board B-L475E-IOT01A2 has no document id list !
2023-09-23 14:50:05,939 [ERROR] Engine:463 - C:\Users\USER\.stm32cubemx\thirdparties\pdsc\STMicroelectronics.X-CUBE-FREERTOS.1.1.0.pdsc: PDSC version is not supported
2023-09-23 14:50:05,939 [WARN] DbBoards:127 - board NUCLEO-H743ZI has no document id list !
2023-09-23 14:50:05,940 [WARN] DbBoards:127 - board NUCLEO-WL55JC2 has no document id list !
2023-09-23 14:50:05,940 [WARN] DbBoards:127 - board P-NUCLEO-WB55-Nucleo has no document id list !
2023-09-23 14:50:05,940 [WARN] DbBoards:127 - board P-NUCLEO-WB55-USBDongle has no document id list !
2023-09-23 14:50:05,940 [WARN] DbBoards:127 - board STEVAL-BFA001V1B has no document id list !
2023-09-23 14:50:05,940 [WARN] DbBoards:127 - board STEVAL-BFA001V2B has no document id list !
2023-09-23 14:50:05,940 [WARN] DbBoards:127 - board STEVAL-IDP005V1 has no document id list !
2023-09-23 14:50:05,940 [WARN] DbBoards:127 - board STEVAL-IDP005V2 has no document id list !
2023-09-23 14:50:05,940 [WARN] DbBoards:127 - board STEVAL-MKSBOX1V1 has no document id list !
2023-09-23 14:50:05,940 [WARN] DbBoards:127 - board STEVAL-STWINKT1 has no document id list !
2023-09-23 14:50:05,940 [WARN] DbBoards:127 - board STEVAL-STWINKT1B has no document id list !
2023-09-23 14:50:05,941 [WARN] DbBoards:127 - board STM32439I-EVAL2 has no document id list !
2023-09-23 14:50:05,941 [WARN] DbBoards:127 - board STM32F401C-DISCO has no document id list !
2023-09-23 14:50:05,942 [WARN] DbBoards:127 - board STM32F769I-DISC1 has no document id list !
2023-09-23 14:50:05,942 [WARN] DbBoards:127 - board STM32G474E-EVAL1 has no document id list !
2023-09-23 14:50:05,942 [WARN] DbBoards:127 - board STM32H743I-EVAL2 has no document id list !
2023-09-23 14:50:05,942 [WARN] DbBoards:127 - board STM32H747I-DISC1 has no document id list !
2023-09-23 14:50:05,942 [WARN] DbBoards:127 - board STM32H753I-EVAL2 has no document id list !
2023-09-23 14:50:05,943 [WARN] DbBoards:127 - board STM32L-DISCOVERY has no document id list !
2023-09-23 14:50:05,943 [WARN] PackLoader:238 - Cannot read IP mode file for portGmbH.I-Cube-SoM-uGOAL.1.1.0
2023-09-23 14:50:05,946 [WARN] PackLoader:238 - Cannot read IP mode file for STMicroelectronics.X-CUBE-ALS.1.0.1
2023-09-23 14:50:05,960 [WARN] PackLoader:238 - Cannot read IP mode file for STMicroelectronics.X-CUBE-AZRTOS-WB.1.1.0
2023-09-23 14:50:05,964 [WARN] PackLoader:238 - Cannot read IP mode file for STMicroelectronics.FP-ATR-ASTRA1.2.0.0
2023-09-23 14:50:05,965 [INFO] ThirdParty:915 - Integrity check success = true
2023-09-23 14:50:05,965 [INFO] IntegrityCheckThread:94 - exiting critical section [integrity check]
2023-09-23 14:50:05,965 [INFO] IntegrityCheckThread:97 - End integrity checks thread
2023-09-23 14:50:06,057 [ERROR] DbBoards:189 - Image file not found for board B-U585I-IOT02A: C:\ST\STM32CubeIDE_1.7.0\STM32CubeIDE\plugins\com.st.stm32cube.common.mx_6.3.0.202107141111\\db\/plugins/mcufinder/images/boards/B-U585I-IOT02A_small.jpg
2023-09-23 14:50:06,146 [ERROR] DbBoards:189 - Image file not found for board NUCLEO-F413ZH: C:\ST\STM32CubeIDE_1.7.0\STM32CubeIDE\plugins\com.st.stm32cube.common.mx_6.3.0.202107141111\\db\/plugins/mcufinder/images/boards/nucleo-f413zh_small.jpg
2023-09-23 14:50:06,314 [ERROR] DbBoards:189 - Image file not found for board NUCLEO-L552ZE-Q: C:\ST\STM32CubeIDE_1.7.0\STM32CubeIDE\plugins\com.st.stm32cube.common.mx_6.3.0.202107141111\\db\/plugins/mcufinder/images/boards/nucleo_l552ze_q_small.jpg
2023-09-23 14:50:06,314 [ERROR] DbBoards:189 - Image file not found for board NUCLEO-U575ZI-Q: C:\ST\STM32CubeIDE_1.7.0\STM32CubeIDE\plugins\com.st.stm32cube.common.mx_6.3.0.202107141111\\db\/plugins/mcufinder/images/boards/nucleo-u575zi-q_small.jpg
2023-09-23 14:50:06,314 [ERROR] DbBoards:189 - Image file not found for board NUCLEO-WB15CC: C:\ST\STM32CubeIDE_1.7.0\STM32CubeIDE\plugins\com.st.stm32cube.common.mx_6.3.0.202107141111\\db\/plugins/mcufinder/images/boards/nucleo-wb15cc_small.jpg
2023-09-23 14:50:06,314 [ERROR] DbBoards:189 - Image file not found for board NUCLEO-WB55RG: C:\ST\STM32CubeIDE_1.7.0\STM32CubeIDE\plugins\com.st.stm32cube.common.mx_6.3.0.202107141111\\db\/plugins/mcufinder/images/boards/nucleo-wb55rg_small.jpg
2023-09-23 14:50:07,286 [INFO] ApiDb:251 - Load user favorites file C:\Users\USER/.stm32cubeide/favorites.boards.txt: 0 item(s)
2023-09-23 14:50:07,286 [INFO] ApiDb:255 - User favorites Boards=[]
2023-09-23 14:50:07,287 [INFO] DbBoards:206 - Set 0 / 0 favorites Boards
2023-09-23 14:50:20,691 [INFO] DbMcusDocs:143 - JSON generation date=Tue Nov 16 23:17:54 ICT 2021 (1637079474)
2023-09-23 14:50:21,064 [INFO] DbMcusDocs:79 - Found 682 MCUs documents
2023-09-23 14:50:38,841 [INFO] MainUpdater:2671 - connection check result : 10
2023-09-23 14:50:38,842 [INFO] MainUpdater:2671 - connection check result : 10
2023-09-23 14:50:38,890 [INFO] MicroXplorer:448 - Change Database Path : 
2023-09-23 14:50:38,890 [INFO] MicroXplorer:478 - Change Database Version : DB.6.0.30
2023-09-23 14:50:38,891 [WARN] ThirdParty:813 - waiting for thirdparty lock release [close project]
2023-09-23 14:50:38,891 [INFO] ThirdParty:815 - entering critical section [close project]
2023-09-23 14:50:38,892 [INFO] ThirdParty:825 - exiting critical section [close project]
2023-09-23 14:50:38,897 [INFO] PinOutPanel:1463 - setPackage(No Configuration,No Configuration)
2023-09-23 14:50:38,898 [INFO] UtilMem:74 - Begin LoadConfig() Used Memory: 413786376 Bytes (534773760)
2023-09-23 14:50:38,899 [INFO] MicroXplorer:448 - Change Database Path : 
2023-09-23 14:50:38,899 [INFO] MicroXplorer:478 - Change Database Version : DB.6.0.30
2023-09-23 14:50:38,899 [INFO] OpenFileManager:313 - Change cursor
2023-09-23 14:50:39,565 [INFO] Context:592 - Trying to add GPIOservice into a context  which must be forbidden
2023-09-23 14:50:39,733 [INFO] ImportTextPane:167 - (OptionalMessage_ERROR) Unable to find key (Mcu.ThirdPartyNb) in loaded IOC file
2023-09-23 14:50:39,734 [INFO] ImportTextPane:167 - (OptionalMessage_ERROR) Unable to find key (Mcu.PinsNb) in loaded IOC file
2023-09-23 14:50:39,734 [INFO] ImportTextPane:167 - (OptionalMessage_ERROR) Unable to find key (Mcu.IPNb) in loaded IOC file
2023-09-23 14:50:39,771 [WARN] ApiManager:304 - Cannot register API 'Board Extension:GNSS1A1' from pack STMicroelectronics.X-CUBE-GNSS1.6.0.0: no header file found
2023-09-23 14:50:39,771 [WARN] ApiManager:304 - Cannot register API 'Board Support:Custom' from pack STMicroelectronics.X-CUBE-GNSS1.6.0.0: no header file found
2023-09-23 14:50:39,771 [WARN] ApiManager:304 - Cannot register API 'Data Exchange:lib_gnss' from pack STMicroelectronics.X-CUBE-GNSS1.6.0.0: no header file found
2023-09-23 14:50:40,024 [WARN] ApiManager:304 - Cannot register API 'Board Extension:IKS01A3' from pack STMicroelectronics.X-CUBE-MEMS1.9.6.0: no header file found
2023-09-23 14:50:40,025 [WARN] ApiManager:304 - Cannot register API 'Board Extension:IKS01A2' from pack STMicroelectronics.X-CUBE-MEMS1.9.6.0: no header file found
2023-09-23 14:50:40,025 [WARN] ApiManager:304 - Cannot register API 'Board Extension:IKS02A1' from pack STMicroelectronics.X-CUBE-MEMS1.9.6.0: no header file found
2023-09-23 14:50:40,034 [WARN] ApiManager:304 - Cannot register API 'Wireless:BlueNRG-MS' from pack STMicroelectronics.X-CUBE-BLE1.6.2.4: no header file found
2023-09-23 14:50:40,036 [INFO] RtosManager:484 - Registered RTOS mode: class=CMSIS, group=RTOS, mode=CMSIS_V1, owner=FREERTOS
2023-09-23 14:50:40,036 [INFO] RtosManager:484 - Registered RTOS mode: class=CMSIS, group=RTOS2, mode=CMSIS_V2, owner=FREERTOS
2023-09-23 14:50:40,036 [INFO] RtosManager:484 - Registered RTOS mode: class=RTOS, group=Core, mode=CMSIS_V1, owner=FREERTOS
2023-09-23 14:50:40,037 [INFO] RtosManager:484 - Registered RTOS mode: class=RTOS, group=Core, mode=CMSIS_V2, owner=FREERTOS
2023-09-23 14:50:40,037 [WARN] ModelIntegratedComponent:181 - Missing modes for component STMicroelectronics:FreeRTOS:0.0.1:STMicroelectronics:RTOS:FreeRTOS:Core:::10.2.0:
2023-09-23 14:50:40,039 [WARN] ApiManager:304 - Cannot register API 'Board Extension:NFC04A1' from pack STMicroelectronics.X-CUBE-NFC4.3.0.0: no header file found
2023-09-23 14:50:40,042 [WARN] ApiManager:304 - Cannot register API 'Board Extension:S2868A1' from pack STMicroelectronics.X-CUBE-SUBG2.5.0.0: no header file found
2023-09-23 14:50:40,042 [WARN] ApiManager:304 - Cannot register API 'Board Extension:S2868A2' from pack STMicroelectronics.X-CUBE-SUBG2.5.0.0: no header file found
2023-09-23 14:50:40,043 [WARN] ApiManager:304 - Cannot register API 'Board Extension:S2915A1' from pack STMicroelectronics.X-CUBE-SUBG2.5.0.0: no header file found
2023-09-23 14:50:40,051 [WARN] ApiManager:304 - Cannot register API 'Wireless:BlueNRG-MS' from pack STMicroelectronics.X-CUBE-BLE1.7.0.0: no header file found
2023-09-23 14:50:40,053 [WARN] ModelIntegratedComponent:60 - No mode defined for component null
2023-09-23 14:50:40,053 [WARN] ModelIntegratedComponent:60 - No mode defined for component null
2023-09-23 14:50:40,053 [WARN] ModelIntegratedComponent:60 - No mode defined for component null
2023-09-23 14:50:40,053 [WARN] ModelIntegratedComponent:60 - No mode defined for component null
2023-09-23 14:50:40,053 [WARN] ModelIntegratedComponent:60 - No mode defined for component null
2023-09-23 14:50:40,053 [WARN] ModelIntegratedComponent:60 - No mode defined for component null
2023-09-23 14:50:40,055 [WARN] ModelIntegratedComponent:60 - No mode defined for component null
2023-09-23 14:50:40,055 [WARN] ModelIntegratedComponent:60 - No mode defined for component null
2023-09-23 14:50:40,055 [WARN] ModelIntegratedComponent:60 - No mode defined for component null
2023-09-23 14:50:40,055 [WARN] ModelIntegratedComponent:60 - No mode defined for component null
2023-09-23 14:50:40,055 [WARN] ModelIntegratedComponent:60 - No mode defined for component null
2023-09-23 14:50:40,055 [WARN] ModelIntegratedComponent:60 - No mode defined for component null
2023-09-23 14:50:40,055 [WARN] ModelIntegratedComponent:60 - No mode defined for component null
2023-09-23 14:50:40,055 [WARN] ModelIntegratedComponent:60 - No mode defined for component null
2023-09-23 14:50:40,055 [WARN] ModelIntegratedComponent:60 - No mode defined for component null
2023-09-23 14:50:40,055 [WARN] ModelIntegratedComponent:60 - No mode defined for component null
2023-09-23 14:50:40,055 [WARN] ModelIntegratedComponent:60 - No mode defined for component null
2023-09-23 14:50:40,055 [WARN] ModelIntegratedComponent:60 - No mode defined for component null
2023-09-23 14:50:40,055 [WARN] ModelIntegratedComponent:60 - No mode defined for component null
2023-09-23 14:50:40,055 [WARN] ModelIntegratedComponent:60 - No mode defined for component null
2023-09-23 14:50:40,055 [WARN] ModelIntegratedComponent:60 - No mode defined for component null
2023-09-23 14:50:40,055 [WARN] ModelIntegratedComponent:60 - No mode defined for component null
2023-09-23 14:50:40,055 [WARN] ModelIntegratedComponent:60 - No mode defined for component null
2023-09-23 14:50:40,055 [WARN] ModelIntegratedComponent:60 - No mode defined for component null
2023-09-23 14:50:40,055 [WARN] ModelIntegratedComponent:60 - No mode defined for component null
2023-09-23 14:50:40,055 [WARN] ModelIntegratedComponent:60 - No mode defined for component null
2023-09-23 14:50:40,055 [WARN] ModelIntegratedComponent:60 - No mode defined for component null
2023-09-23 14:50:40,055 [WARN] ModelIntegratedComponent:60 - No mode defined for component null
2023-09-23 14:50:40,055 [WARN] ModelIntegratedComponent:60 - No mode defined for component null
2023-09-23 14:50:40,055 [WARN] ModelIntegratedComponent:60 - No mode defined for component null
2023-09-23 14:50:40,055 [WARN] ModelIntegratedComponent:60 - No mode defined for component null
2023-09-23 14:50:40,057 [WARN] ApiManager:304 - Cannot register API 'Board Extension:NFC07A1' from pack STMicroelectronics.X-CUBE-NFC7.1.0.1: no header file found
2023-09-23 14:50:40,057 [WARN] ApiManager:304 - Cannot register API 'Board Extension:NFC06A1' from pack STMicroelectronics.X-CUBE-NFC6.3.0.0: no header file found
2023-09-23 14:50:40,057 [WARN] ApiManager:304 - Cannot register API 'Board Extension:NFC08A1' from pack STMicroelectronics.X-CUBE-NFC6.3.0.0: no header file found
2023-09-23 14:50:40,059 [WARN] ApiManager:304 - Cannot register API 'Board Extension:EEPRMA1' from pack STMicroelectronics.X-CUBE-EEPRMA1.4.1.0: no header file found
2023-09-23 14:50:40,059 [WARN] ApiManager:304 - Cannot register API 'Board Extension:EEPRMA2' from pack STMicroelectronics.X-CUBE-EEPRMA1.4.1.0: no header file found
2023-09-23 14:50:40,059 [WARN] ApiManager:304 - Cannot register API 'Board Extension:PGEEZ1' from pack STMicroelectronics.X-CUBE-EEPRMA1.4.1.0: no header file found
2023-09-23 14:50:40,059 [WARN] ApiManager:304 - Cannot register API 'Board Part:M24' from pack STMicroelectronics.X-CUBE-EEPRMA1.4.1.0: no header file found
2023-09-23 14:50:40,059 [WARN] ApiManager:304 - Cannot register API 'Board Part:M95' from pack STMicroelectronics.X-CUBE-EEPRMA1.4.1.0: no header file found
2023-09-23 14:50:40,059 [WARN] ApiManager:304 - Cannot register API 'Board Part:M95P32' from pack STMicroelectronics.X-CUBE-EEPRMA1.4.1.0: no header file found
2023-09-23 14:50:40,059 [WARN] ApiManager:304 - Cannot register API 'PGEEZ1:SPI' from pack STMicroelectronics.X-CUBE-EEPRMA1.4.1.0: no header file found
2023-09-23 14:50:40,059 [WARN] ApiManager:304 - Cannot register API 'PGEEZ1:QDSPI' from pack STMicroelectronics.X-CUBE-EEPRMA1.4.1.0: no header file found
2023-09-23 14:50:40,069 [WARN] ApiManager:304 - Cannot register API 'Board Extension:S2868A1' from pack STMicroelectronics.X-CUBE-SFXS2LP1.4.0.0: no header file found
2023-09-23 14:50:40,069 [WARN] ApiManager:304 - Cannot register API 'Board Extension:S2868A2' from pack STMicroelectronics.X-CUBE-SFXS2LP1.4.0.0: no header file found
2023-09-23 14:50:40,069 [WARN] ApiManager:304 - Cannot register API 'Board Extension:S2915A1' from pack STMicroelectronics.X-CUBE-SFXS2LP1.4.0.0: no header file found
2023-09-23 14:50:40,070 [WARN] ApiManager:304 - Cannot register API 'Wireless:BlueNRG-2' from pack STMicroelectronics.X-CUBE-BLE2.3.3.0: no header file found
2023-09-23 14:50:42,236 [INFO] UtilMem:74 - End LoadConfig() Used Memory: 475642080 Bytes (534773760)
2023-09-23 14:50:42,237 [WARN] ThirdParty:779 - waiting for thirdparty lock release [change project]
2023-09-23 14:50:42,237 [INFO] ThirdParty:781 - entering critical section [change project]
2023-09-23 14:50:42,237 [INFO] ThirdParty:967 - CMSIS Pack Vendor :STMicroelectronics X-CUBE-ISPU 1.1.0
2023-09-23 14:50:42,237 [INFO] ThirdParty:967 - CMSIS Pack Vendor :STMicroelectronics X-CUBE-GNSS1 6.0.0
2023-09-23 14:50:42,237 [INFO] ThirdParty:967 - CMSIS Pack Vendor :STMicroelectronics USB_HOST 2.0.0
2023-09-23 14:50:42,238 [INFO] ThirdParty:967 - CMSIS Pack Vendor :STMicroelectronics X-CUBE-AZRTOS-F4 1.1.0
2023-09-23 14:50:42,238 [INFO] ThirdParty:967 - CMSIS Pack Vendor :wolfSSL I-CUBE-wolfSSL 5.6.0
2023-09-23 14:50:42,238 [INFO] ThirdParty:967 - CMSIS Pack Vendor :STMicroelectronics USB_DEVICE 3.0.0
2023-09-23 14:50:42,238 [INFO] ThirdParty:967 - CMSIS Pack Vendor :STMicroelectronics X-CUBE-AZRTOS-WB 2.0.0
2023-09-23 14:50:42,238 [INFO] ThirdParty:967 - CMSIS Pack Vendor :STMicroelectronics X-CUBE-AZRTOS-F7 1.1.0
2023-09-23 14:50:42,238 [INFO] ThirdParty:967 - CMSIS Pack Vendor :STMicroelectronics X-CUBE-AZRTOS-L5 2.0.0
2023-09-23 14:50:42,238 [INFO] ThirdParty:967 - CMSIS Pack Vendor :STMicroelectronics USB_DEVICE 2.0.0
2023-09-23 14:50:42,238 [INFO] ThirdParty:967 - CMSIS Pack Vendor :STMicroelectronics X-CUBE-MEMS1 9.6.0
2023-09-23 14:50:42,238 [INFO] ThirdParty:967 - CMSIS Pack Vendor :STMicroelectronics X-CUBE-ALGOBUILD 1.3.0
2023-09-23 14:50:42,238 [INFO] ThirdParty:967 - CMSIS Pack Vendor :STMicroelectronics X-CUBE-BLE1 6.2.4
2023-09-23 14:50:42,238 [INFO] ThirdParty:967 - CMSIS Pack Vendor :STMicroelectronics X-CUBE-AZRTOS-L5 1.1.0
2023-09-23 14:50:42,238 [INFO] ThirdParty:967 - CMSIS Pack Vendor :STMicroelectronics FreeRTOS 0.0.1
2023-09-23 14:50:42,238 [INFO] ThirdParty:967 - CMSIS Pack Vendor :STMicroelectronics X-CUBE-AZRTOS-G0 1.1.0
2023-09-23 14:50:42,238 [INFO] ThirdParty:967 - CMSIS Pack Vendor :STMicroelectronics X-CUBE-BLEMGR 2.0.0
2023-09-23 14:50:42,238 [INFO] ThirdParty:967 - CMSIS Pack Vendor :STMicroelectronics X-CUBE-AI 8.0.1
2023-09-23 14:50:42,238 [INFO] ThirdParty:967 - CMSIS Pack Vendor :STMicroelectronics X-CUBE-NFC4 3.0.0
2023-09-23 14:50:42,238 [INFO] ThirdParty:967 - CMSIS Pack Vendor :STMicroelectronics X-CUBE-SUBG2 5.0.0
2023-09-23 14:50:42,238 [INFO] ThirdParty:967 - CMSIS Pack Vendor :STMicroelectronics lwIP 2.0.3
2023-09-23 14:50:42,238 [INFO] ThirdParty:967 - CMSIS Pack Vendor :STMicroelectronics USB_HOST 1.0.0
2023-09-23 14:50:42,238 [INFO] ThirdParty:967 - CMSIS Pack Vendor :STMicroelectronics X-CUBE-AZRTOS-G4 2.0.0
2023-09-23 14:50:42,239 [INFO] ThirdParty:967 - CMSIS Pack Vendor :STMicroelectronics PDM2PCM 3.1.0
2023-09-23 14:50:42,239 [INFO] ThirdParty:967 - CMSIS Pack Vendor :STMicroelectronics X-CUBE-AZRTOS-H7 3.1.0
2023-09-23 14:50:42,239 [INFO] ThirdParty:967 - CMSIS Pack Vendor :STMicroelectronics X-CUBE-TOF1 3.3.0
2023-09-23 14:50:42,239 [INFO] ThirdParty:967 - CMSIS Pack Vendor :STMicroelectronics PDM2PCM 3.3.0
2023-09-23 14:50:42,239 [INFO] ThirdParty:967 - CMSIS Pack Vendor :STMicroelectronics X-CUBE-BLE1 7.0.0
2023-09-23 14:50:42,239 [INFO] ThirdParty:967 - CMSIS Pack Vendor :STMicroelectronics FP-ATR-SIGFOX1 3.2.0
2023-09-23 14:50:42,239 [INFO] ThirdParty:967 - CMSIS Pack Vendor :STMicroelectronics HAL Drivers 0.0.0
2023-09-23 14:50:42,239 [INFO] ThirdParty:967 - CMSIS Pack Vendor :STMicroelectronics MBEDTLS 2.16.2
2023-09-23 14:50:42,239 [INFO] ThirdParty:967 - CMSIS Pack Vendor :STMicroelectronics X-CUBE-TOUCHGFX 4.22.0
2023-09-23 14:50:42,239 [INFO] ThirdParty:967 - CMSIS Pack Vendor :STMicroelectronics X-CUBE-NFC7 1.0.1
2023-09-23 14:50:42,239 [INFO] ThirdParty:967 - CMSIS Pack Vendor :STMicroelectronics MBEDTLS 2.14.1
2023-09-23 14:50:42,239 [INFO] ThirdParty:967 - CMSIS Pack Vendor :STMicroelectronics X-CUBE-NFC6 3.0.0
2023-09-23 14:50:42,239 [INFO] ThirdParty:967 - CMSIS Pack Vendor :STMicroelectronics X-CUBE-EEPRMA1 4.1.0
2023-09-23 14:50:42,239 [INFO] ThirdParty:967 - CMSIS Pack Vendor :portGmbH I-Cube-SoM-uGOAL 1.1.0
2023-09-23 14:50:42,239 [INFO] ThirdParty:967 - CMSIS Pack Vendor :STMicroelectronics X-CUBE-ALS 1.0.1
2023-09-23 14:50:42,239 [INFO] ThirdParty:967 - CMSIS Pack Vendor :STMicroelectronics X-CUBE-AZRTOS-WB 1.1.0
2023-09-23 14:50:42,239 [INFO] ThirdParty:967 - CMSIS Pack Vendor :STMicroelectronics X-CUBE-AZRTOS-WL 2.0.0
2023-09-23 14:50:42,239 [INFO] ThirdParty:967 - CMSIS Pack Vendor :SEGGER I-CUBE-embOS 1.3.1
2023-09-23 14:50:42,240 [INFO] ThirdParty:967 - CMSIS Pack Vendor :STMicroelectronics USB_DEVICE 1.0.0
2023-09-23 14:50:42,240 [INFO] ThirdParty:967 - CMSIS Pack Vendor :STMicroelectronics X-CUBE-AI 8.1.0
2023-09-23 14:50:42,240 [INFO] ThirdParty:967 - CMSIS Pack Vendor :STMicroelectronics X-CUBE-AZRTOS-L4 2.0.0
2023-09-23 14:50:42,240 [INFO] ThirdParty:967 - CMSIS Pack Vendor :STMicroelectronics ThreadX 0.0.2
2023-09-23 14:50:42,240 [INFO] ThirdParty:967 - CMSIS Pack Vendor :WES I-CUBE-Cesium 1.3.0
2023-09-23 14:50:42,240 [INFO] ThirdParty:967 - CMSIS Pack Vendor :STMicroelectronics FP-ATR-ASTRA1 2.0.0
2023-09-23 14:50:42,240 [INFO] ThirdParty:967 - CMSIS Pack Vendor :STMicroelectronics lwIP 2.1.2
2023-09-23 14:50:42,240 [INFO] ThirdParty:967 - CMSIS Pack Vendor :STMicroelectronics X-CUBE-SFXS2LP1 4.0.0
2023-09-23 14:50:42,240 [INFO] ThirdParty:967 - CMSIS Pack Vendor :STMicroelectronics X-CUBE-BLE2 3.3.0
2023-09-23 14:50:42,240 [INFO] ThirdParty:967 - CMSIS Pack Vendor :STMicroelectronics PDM2PCM 3.2.0
2023-09-23 14:50:42,240 [INFO] ThirdParty:787 - exiting critical section [change project]
2023-09-23 14:50:42,409 [INFO] PinOutPanel:1463 - setPackage(No Configuration,No Configuration)
2023-09-23 14:50:42,410 [INFO] PinOutPanel:1463 - setPackage(STM32F103C6Ux,UFQFPN48)
2023-09-23 14:50:42,701 [INFO] UtilMem:74 - Before build in PCC Used Memory: 444097896 Bytes (534773760)
2023-09-23 14:50:43,128 [INFO] UtilMem:74 - After build in PCC Used Memory: 453717528 Bytes (534773760)
2023-09-23 14:50:43,145 [INFO] IPUIPlugin:74 - create IPUIPlugin
2023-09-23 14:50:43,145 [INFO] IPUIPlugin:74 - create IPUIPlugin
2023-09-23 14:50:43,145 [INFO] IPUIPlugin:74 - create IPUIPlugin
2023-09-23 14:50:43,145 [INFO] IPUIPlugin:74 - create IPUIPlugin
2023-09-23 14:50:43,145 [INFO] IPUIPlugin:74 - create IPUIPlugin
2023-09-23 14:50:43,145 [INFO] IPUIPlugin:74 - create IPUIPlugin
2023-09-23 14:50:43,145 [INFO] IPUIPlugin:74 - create IPUIPlugin
2023-09-23 14:50:43,146 [INFO] IPUIPlugin:74 - create IPUIPlugin
2023-09-23 14:50:43,146 [INFO] IPUIPlugin:74 - create IPUIPlugin
2023-09-23 14:50:43,146 [INFO] IPUIPlugin:74 - create IPUIPlugin
2023-09-23 14:50:43,146 [INFO] IPUIPlugin:74 - create IPUIPlugin
2023-09-23 14:50:43,146 [INFO] IPUIPlugin:74 - create IPUIPlugin
2023-09-23 14:50:43,146 [INFO] IPUIPlugin:74 - create IPUIPlugin
2023-09-23 14:50:43,147 [INFO] IPUIPlugin:74 - create IPUIPlugin
2023-09-23 14:50:43,147 [INFO] IPUIPlugin:74 - create IPUIPlugin
2023-09-23 14:50:43,147 [INFO] IPUIPlugin:74 - create IPUIPlugin
2023-09-23 14:50:43,147 [INFO] IPUIPlugin:74 - create IPUIPlugin
2023-09-23 14:50:43,148 [INFO] IPUIPlugin:74 - create IPUIPlugin
2023-09-23 14:50:43,148 [INFO] IPUIPlugin:74 - create IPUIPlugin
2023-09-23 14:50:43,148 [INFO] IPUIPlugin:74 - create IPUIPlugin
2023-09-23 14:50:43,148 [INFO] IPUIPlugin:74 - create IPUIPlugin
2023-09-23 14:50:43,149 [INFO] IPUIPlugin:74 - create IPUIPlugin
2023-09-23 14:50:43,149 [INFO] IPUIPlugin:74 - create IPUIPlugin
2023-09-23 14:50:43,259 [INFO] OpenFileManager:333 - Restore cursor
2023-09-23 14:50:43,527 [INFO] UtilMem:74 - End SaveConfig() Used Memory: 462696904 Bytes (534773760)
2023-09-23 14:50:43,584 [INFO] UtilMem:74 - End SaveConfig() Used Memory: 463713912 Bytes (534773760)
2023-09-23 14:50:43,895 [INFO] BlockDiagram:2740 - set Specific Code input for plugin: NVIC
2023-09-23 14:50:43,896 [INFO] BlockDiagram:2740 - set Specific Code input for plugin: SYS
2023-09-23 14:50:43,896 [INFO] BlockDiagram:2740 - set Specific Code input for plugin: RCC
2023-09-23 14:50:43,897 [INFO] CodeGenerator:663 - code generatio: config db path: C:\ST\STM32CubeIDE_1.7.0\STM32CubeIDE\plugins\com.st.stm32cube.common.mx_6.3.0.202107141111\\db\
2023-09-23 14:50:44,192 [INFO] CodeEngine:239 - oldGeneratedFile, E:\Semester 231\Microcontroller-Microprocessor\PracticeLab\Lab 1\Exercise 6\Ex6_7_8_9_10\MXTmpFiles\license.tmp_save
2023-09-23 14:50:44,491 [INFO] CodeEngine:257 - Generated code: E:\Semester 231\Microcontroller-Microprocessor\PracticeLab\Lab 1\Exercise 6\Ex6_7_8_9_10\MXTmpFiles\license.tmp
2023-09-23 14:50:44,580 [INFO] CodeEngine:239 - oldGeneratedFile, E:\Semester 231\Microcontroller-Microprocessor\PracticeLab\Lab 1\Exercise 6\Ex6_7_8_9_10\Core\Src\stm32f1xx_it.c_save
2023-09-23 14:50:44,708 [INFO] CodeEngine:257 - Generated code: E:\Semester 231\Microcontroller-Microprocessor\PracticeLab\Lab 1\Exercise 6\Ex6_7_8_9_10\Core\Src\stm32f1xx_it.c
2023-09-23 14:50:44,711 [INFO] CodeEngine:239 - oldGeneratedFile, E:\Semester 231\Microcontroller-Microprocessor\PracticeLab\Lab 1\Exercise 6\Ex6_7_8_9_10\Core\Inc\stm32f1xx_it.h_save
2023-09-23 14:50:44,782 [INFO] CodeEngine:257 - Generated code: E:\Semester 231\Microcontroller-Microprocessor\PracticeLab\Lab 1\Exercise 6\Ex6_7_8_9_10\Core\Inc\stm32f1xx_it.h
2023-09-23 14:50:44,793 [INFO] CodeEngine:239 - oldGeneratedFile, E:\Semester 231\Microcontroller-Microprocessor\PracticeLab\Lab 1\Exercise 6\Ex6_7_8_9_10\Core\Src\stm32f1xx_hal_msp.c_save
2023-09-23 14:50:44,879 [INFO] CodeEngine:257 - Generated code: E:\Semester 231\Microcontroller-Microprocessor\PracticeLab\Lab 1\Exercise 6\Ex6_7_8_9_10\Core\Src\stm32f1xx_hal_msp.c
2023-09-23 14:50:44,881 [INFO] CodeEngine:239 - oldGeneratedFile, E:\Semester 231\Microcontroller-Microprocessor\PracticeLab\Lab 1\Exercise 6\Ex6_7_8_9_10\MXTmpFiles\system.tmp_save
2023-09-23 14:50:44,948 [INFO] CodeEngine:257 - Generated code: E:\Semester 231\Microcontroller-Microprocessor\PracticeLab\Lab 1\Exercise 6\Ex6_7_8_9_10\MXTmpFiles\system.tmp
2023-09-23 14:50:44,954 [INFO] CodeEngine:239 - oldGeneratedFile, E:\Semester 231\Microcontroller-Microprocessor\PracticeLab\Lab 1\Exercise 6\Ex6_7_8_9_10\Core\Inc\stm32f1xx_hal_conf.h_save
2023-09-23 14:50:45,020 [INFO] CodeEngine:257 - Generated code: E:\Semester 231\Microcontroller-Microprocessor\PracticeLab\Lab 1\Exercise 6\Ex6_7_8_9_10\Core\Inc\stm32f1xx_hal_conf.h
2023-09-23 14:50:45,052 [INFO] CodeEngine:239 - oldGeneratedFile, E:\Semester 231\Microcontroller-Microprocessor\PracticeLab\Lab 1\Exercise 6\Ex6_7_8_9_10\Core\Inc\main.h_save
2023-09-23 14:50:45,122 [INFO] CodeEngine:257 - Generated code: E:\Semester 231\Microcontroller-Microprocessor\PracticeLab\Lab 1\Exercise 6\Ex6_7_8_9_10\Core\Inc\main.h
2023-09-23 14:50:45,124 [INFO] CodeEngine:239 - oldGeneratedFile, E:\Semester 231\Microcontroller-Microprocessor\PracticeLab\Lab 1\Exercise 6\Ex6_7_8_9_10\Core\Src\main.c_save
2023-09-23 14:50:45,207 [INFO] CodeEngine:257 - Generated code: E:\Semester 231\Microcontroller-Microprocessor\PracticeLab\Lab 1\Exercise 6\Ex6_7_8_9_10\Core\Src\main.c
2023-09-23 14:50:45,865 [INFO] ProjectBuilder:2578 - Time for Copy HAL[1] : 47mS.
2023-09-23 14:50:45,869 [INFO] ProjectBuilder:3622 - Project Generator version: 3.14.1
2023-09-23 14:50:46,290 [INFO] ConfigFileManager:1271 - The Die is : DIE412
2023-09-23 14:50:46,316 [INFO] ApiDbMcu:468 - Load IP Config File for FATFS
2023-09-23 14:50:46,340 [INFO] ApiDbMcu:468 - Load IP Config File for FREERTOS
2023-09-23 14:50:46,361 [INFO] ApiDbMcu:468 - Load IP Config File for USB_DEVICE
2023-09-23 14:50:48,773 [INFO] ProjectBuilder:3789 - Time for Generating toolchain IDE Files: 2904mS.
2023-09-23 14:50:48,774 [INFO] ProjectBuilder:2457 - Time for Copy CMSIS : 0mS.
2023-09-23 14:50:48,775 [INFO] ProjectBuilder:2457 - Time for Copy CMSIS : 0mS.
2023-09-23 14:50:49,164 [INFO] McuFinderGlobals:52 - Set McuFinderConnectedMode to true
2023-09-23 14:50:49,166 [INFO] ApiDb:276 - Save user favorites file C:\Users\USER/.stm32cubeide/favorites.mcus.txt: 0 item(s)
2023-09-23 14:50:49,166 [INFO] ApiDb:280 - User favorites MCUs=[]
2023-09-23 14:53:34,546 [INFO] UtilMem:74 - End SaveConfig() Used Memory: 769767288 Bytes (968884224)
2023-09-23 14:53:37,969 [INFO] UtilMem:74 - End SaveConfig() Used Memory: 826054408 Bytes (968884224)
2023-09-23 14:53:38,230 [INFO] BlockDiagram:2740 - set Specific Code input for plugin: NVIC
2023-09-23 14:53:38,231 [INFO] BlockDiagram:2740 - set Specific Code input for plugin: SYS
2023-09-23 14:53:38,231 [INFO] BlockDiagram:2740 - set Specific Code input for plugin: GPIO
2023-09-23 14:53:38,231 [INFO] BlockDiagram:2740 - set Specific Code input for plugin: RCC
2023-09-23 14:53:38,231 [INFO] CodeGenerator:663 - code generatio: config db path: C:\ST\STM32CubeIDE_1.7.0\STM32CubeIDE\plugins\com.st.stm32cube.common.mx_6.3.0.202107141111\\db\
2023-09-23 14:53:38,460 [INFO] CodeEngine:239 - oldGeneratedFile, E:\Semester 231\Microcontroller-Microprocessor\PracticeLab\Lab 1\Exercise 6\Ex6_7_8_9_10\MXTmpFiles\license.tmp_save
2023-09-23 14:53:38,506 [INFO] CodeEngine:257 - Generated code: E:\Semester 231\Microcontroller-Microprocessor\PracticeLab\Lab 1\Exercise 6\Ex6_7_8_9_10\MXTmpFiles\license.tmp
2023-09-23 14:53:38,568 [INFO] CodeEngine:239 - oldGeneratedFile, E:\Semester 231\Microcontroller-Microprocessor\PracticeLab\Lab 1\Exercise 6\Ex6_7_8_9_10\MXTmpFiles\gpio.tmp_save
2023-09-23 14:53:38,633 [INFO] CodeEngine:257 - Generated code: E:\Semester 231\Microcontroller-Microprocessor\PracticeLab\Lab 1\Exercise 6\Ex6_7_8_9_10\MXTmpFiles\gpio.tmp
2023-09-23 14:53:38,686 [INFO] CodeEngine:239 - oldGeneratedFile, E:\Semester 231\Microcontroller-Microprocessor\PracticeLab\Lab 1\Exercise 6\Ex6_7_8_9_10\Core\Src\stm32f1xx_it.c_save
2023-09-23 14:53:38,763 [INFO] CodeEngine:257 - Generated code: E:\Semester 231\Microcontroller-Microprocessor\PracticeLab\Lab 1\Exercise 6\Ex6_7_8_9_10\Core\Src\stm32f1xx_it.c
2023-09-23 14:53:38,766 [INFO] CodeEngine:239 - oldGeneratedFile, E:\Semester 231\Microcontroller-Microprocessor\PracticeLab\Lab 1\Exercise 6\Ex6_7_8_9_10\Core\Inc\stm32f1xx_it.h_save
2023-09-23 14:53:38,815 [INFO] CodeEngine:257 - Generated code: E:\Semester 231\Microcontroller-Microprocessor\PracticeLab\Lab 1\Exercise 6\Ex6_7_8_9_10\Core\Inc\stm32f1xx_it.h
2023-09-23 14:53:38,830 [INFO] CodeEngine:239 - oldGeneratedFile, E:\Semester 231\Microcontroller-Microprocessor\PracticeLab\Lab 1\Exercise 6\Ex6_7_8_9_10\Core\Src\stm32f1xx_hal_msp.c_save
2023-09-23 14:53:38,909 [INFO] CodeEngine:257 - Generated code: E:\Semester 231\Microcontroller-Microprocessor\PracticeLab\Lab 1\Exercise 6\Ex6_7_8_9_10\Core\Src\stm32f1xx_hal_msp.c
2023-09-23 14:53:38,911 [INFO] CodeEngine:239 - oldGeneratedFile, E:\Semester 231\Microcontroller-Microprocessor\PracticeLab\Lab 1\Exercise 6\Ex6_7_8_9_10\MXTmpFiles\system.tmp_save
2023-09-23 14:53:38,952 [INFO] CodeEngine:257 - Generated code: E:\Semester 231\Microcontroller-Microprocessor\PracticeLab\Lab 1\Exercise 6\Ex6_7_8_9_10\MXTmpFiles\system.tmp
2023-09-23 14:53:38,962 [INFO] CodeEngine:239 - oldGeneratedFile, E:\Semester 231\Microcontroller-Microprocessor\PracticeLab\Lab 1\Exercise 6\Ex6_7_8_9_10\Core\Inc\stm32f1xx_hal_conf.h_save
2023-09-23 14:53:39,029 [INFO] CodeEngine:257 - Generated code: E:\Semester 231\Microcontroller-Microprocessor\PracticeLab\Lab 1\Exercise 6\Ex6_7_8_9_10\Core\Inc\stm32f1xx_hal_conf.h
2023-09-23 14:53:39,053 [INFO] CodeEngine:239 - oldGeneratedFile, E:\Semester 231\Microcontroller-Microprocessor\PracticeLab\Lab 1\Exercise 6\Ex6_7_8_9_10\Core\Inc\main.h_save
2023-09-23 14:53:39,131 [INFO] CodeEngine:257 - Generated code: E:\Semester 231\Microcontroller-Microprocessor\PracticeLab\Lab 1\Exercise 6\Ex6_7_8_9_10\Core\Inc\main.h
2023-09-23 14:53:39,139 [INFO] CodeEngine:239 - oldGeneratedFile, E:\Semester 231\Microcontroller-Microprocessor\PracticeLab\Lab 1\Exercise 6\Ex6_7_8_9_10\Core\Src\main.c_save
2023-09-23 14:53:39,228 [INFO] CodeEngine:257 - Generated code: E:\Semester 231\Microcontroller-Microprocessor\PracticeLab\Lab 1\Exercise 6\Ex6_7_8_9_10\Core\Src\main.c
2023-09-23 14:53:39,858 [INFO] ProjectBuilder:2578 - Time for Copy HAL[1] : 49mS.
2023-09-23 14:53:39,860 [INFO] ProjectBuilder:3622 - Project Generator version: 3.14.1
2023-09-23 14:53:40,196 [INFO] ConfigFileManager:1271 - The Die is : DIE412
2023-09-23 14:53:41,549 [INFO] ProjectBuilder:3789 - Time for Generating toolchain IDE Files: 1689mS.
2023-09-23 14:53:41,549 [INFO] ProjectBuilder:2457 - Time for Copy CMSIS : 0mS.
2023-09-23 14:53:41,550 [INFO] ProjectBuilder:2457 - Time for Copy CMSIS : 0mS.
