2023-09-22 08:51:41,134 [INFO] Activator:177 - 


2023-09-22 08:51:41,136 [INFO] Activator:178 - !SESSION log4j initialized
2023-09-22 08:51:50,713 [INFO] McuFinderGlobals:39 - Set McuFinder mode to 2 (CubeIDE integrated)
2023-09-22 08:51:50,797 [INFO] ApplicationProperties:181 - Using Application install path: C:\ST\STM32CubeIDE_1.7.0\STM32CubeIDE\plugins\com.st.stm32cube.common.mx_6.3.0.202107141111
2023-09-22 08:51:50,804 [INFO] DbMcusXml:74 - Set database path to: C:\ST\STM32CubeIDE_1.7.0\STM32CubeIDE\plugins\com.st.stm32cube.common.mx_6.3.0.202107141111\\db\/mcu/
2023-09-22 08:51:50,807 [INFO] DbBoardsPdsc:56 - Set plugin database path to: C:\ST\STM32CubeIDE_1.7.0\STM32CubeIDE\plugins\com.st.stm32cube.common.mx_6.3.0.202107141111\\db\/plugins/boardmanager/
2023-09-22 08:51:50,807 [INFO] DbMcus:258 - Set plugin images path to: C:\ST\STM32CubeIDE_1.7.0\STM32CubeIDE\plugins\com.st.stm32cube.common.mx_6.3.0.202107141111\\db\/plugins/mcufinder/images/
2023-09-22 08:51:50,807 [INFO] DbBoards:264 - Set plugin images path to: C:\ST\STM32CubeIDE_1.7.0\STM32CubeIDE\plugins\com.st.stm32cube.common.mx_6.3.0.202107141111\\db\/plugins/mcufinder/images/
2023-09-22 08:51:50,809 [INFO] DbExamples:333 - Set plugin images path to: C:\ST\STM32CubeIDE_1.7.0\STM32CubeIDE\plugins\com.st.stm32cube.common.mx_6.3.0.202107141111\\db\/plugins/mcufinder/images/
2023-09-22 08:51:50,813 [INFO] DbMcusAds:119 - Set database path to: C:\Users\USER\.stmcufinder\plugins\mcufinder//mcu/
2023-09-22 08:51:50,814 [INFO] DbMcusDocs:110 - Set database path to: C:\Users\USER\.stmcufinder\plugins\mcufinder//mcu/
2023-09-22 08:51:50,815 [INFO] DbMcusJson:64 - Set database path to: C:\Users\USER\.stmcufinder\plugins\mcufinder//mcu/
2023-09-22 08:51:50,815 [INFO] DbBoardsDocs:110 - Set database path to: C:\Users\USER\.stmcufinder\plugins\mcufinder//mcu/
2023-09-22 08:51:50,816 [INFO] DbBoardsJson:57 - Set database path to: C:\Users\USER\.stmcufinder\plugins\mcufinder//mcu/
2023-09-22 08:51:50,818 [INFO] CrossReferenceDbSqlite:196 - Set database path to: C:\Users\USER\.stmcufinder\plugins\mcufinder//mcu/cs/
2023-09-22 08:51:50,820 [INFO] DbExamplesSqlite:767 - Set database path to: C:\Users\USER\.stmcufinder\plugins\mcufinder//mcu/
2023-09-22 08:51:50,888 [INFO] RulesReader:57 - Compatibility file has been processed (242 Rules)
2023-09-22 08:51:50,951 [INFO] DbMcusXml:74 - Set database path to: C:\ST\STM32CubeIDE_1.7.0\STM32CubeIDE\plugins\com.st.stm32cube.common.mx_6.3.0.202107141111\\db\/mcu/
2023-09-22 08:51:50,952 [INFO] DbBoardsPdsc:56 - Set plugin database path to: C:\ST\STM32CubeIDE_1.7.0\STM32CubeIDE\plugins\com.st.stm32cube.common.mx_6.3.0.202107141111\\db\/plugins/boardmanager/
2023-09-22 08:51:50,952 [INFO] DbMcus:258 - Set plugin images path to: C:\ST\STM32CubeIDE_1.7.0\STM32CubeIDE\plugins\com.st.stm32cube.common.mx_6.3.0.202107141111\\db\/plugins/mcufinder/images/
2023-09-22 08:51:50,952 [INFO] DbBoards:264 - Set plugin images path to: C:\ST\STM32CubeIDE_1.7.0\STM32CubeIDE\plugins\com.st.stm32cube.common.mx_6.3.0.202107141111\\db\/plugins/mcufinder/images/
2023-09-22 08:51:50,952 [INFO] DbExamples:333 - Set plugin images path to: C:\ST\STM32CubeIDE_1.7.0\STM32CubeIDE\plugins\com.st.stm32cube.common.mx_6.3.0.202107141111\\db\/plugins/mcufinder/images/
2023-09-22 08:51:50,952 [WARN] DbFile:35 - Overriding database path with different value: C:\Users\USER\.stmcufinder\plugins\mcufinder/ => C:\Users\USER\.stmcufinder\plugins\mcufinder
2023-09-22 08:51:50,953 [INFO] DbMcusAds:119 - Set database path to: C:\Users\USER\.stmcufinder\plugins\mcufinder//mcu/
2023-09-22 08:51:50,953 [WARN] DbFile:35 - Overriding database path with different value: C:\Users\USER\.stmcufinder\plugins\mcufinder/ => C:\Users\USER\.stmcufinder\plugins\mcufinder
2023-09-22 08:51:50,953 [INFO] DbMcusDocs:110 - Set database path to: C:\Users\USER\.stmcufinder\plugins\mcufinder//mcu/
2023-09-22 08:51:50,953 [WARN] DbFile:35 - Overriding database path with different value: C:\Users\USER\.stmcufinder\plugins\mcufinder/ => C:\Users\USER\.stmcufinder\plugins\mcufinder
2023-09-22 08:51:50,953 [INFO] DbMcusJson:64 - Set database path to: C:\Users\USER\.stmcufinder\plugins\mcufinder//mcu/
2023-09-22 08:51:50,953 [WARN] DbFile:35 - Overriding database path with different value: C:\Users\USER\.stmcufinder\plugins\mcufinder/ => C:\Users\USER\.stmcufinder\plugins\mcufinder
2023-09-22 08:51:50,953 [INFO] DbBoardsDocs:110 - Set database path to: C:\Users\USER\.stmcufinder\plugins\mcufinder//mcu/
2023-09-22 08:51:50,953 [WARN] DbFile:35 - Overriding database path with different value: C:\Users\USER\.stmcufinder\plugins\mcufinder/ => C:\Users\USER\.stmcufinder\plugins\mcufinder
2023-09-22 08:51:50,953 [INFO] DbBoardsJson:57 - Set database path to: C:\Users\USER\.stmcufinder\plugins\mcufinder//mcu/
2023-09-22 08:51:50,953 [WARN] DbFile:35 - Overriding database path with different value: C:\Users\USER\.stmcufinder\plugins\mcufinder/ => C:\Users\USER\.stmcufinder\plugins\mcufinder
2023-09-22 08:51:50,953 [WARN] DbFile:35 - Overriding database path with different value: C:\Users\USER\.stmcufinder\plugins\mcufinder/ => C:\Users\USER\.stmcufinder\plugins\mcufinder
2023-09-22 08:51:50,954 [INFO] CrossReferenceDbSqlite:196 - Set database path to: C:\Users\USER\.stmcufinder\plugins\mcufinder//mcu/cs/
2023-09-22 08:51:50,954 [WARN] DbFile:35 - Overriding database path with different value: C:\Users\USER\.stmcufinder\plugins\mcufinder/ => C:\Users\USER\.stmcufinder\plugins\mcufinder
2023-09-22 08:51:50,954 [INFO] DbExamplesSqlite:767 - Set database path to: C:\Users\USER\.stmcufinder\plugins\mcufinder//mcu/
2023-09-22 08:51:50,998 [INFO] MainPanel:214 - HeapMemory: 268435456
2023-09-22 08:51:51,043 [INFO] DbMcusXml:74 - Set database path to: C:\ST\STM32CubeIDE_1.7.0\STM32CubeIDE\plugins\com.st.stm32cube.common.mx_6.3.0.202107141111\\db\/mcu/
2023-09-22 08:51:51,043 [INFO] DbBoardsPdsc:56 - Set plugin database path to: C:\ST\STM32CubeIDE_1.7.0\STM32CubeIDE\plugins\com.st.stm32cube.common.mx_6.3.0.202107141111\\db\/plugins/boardmanager/
2023-09-22 08:51:51,043 [INFO] DbMcus:258 - Set plugin images path to: C:\ST\STM32CubeIDE_1.7.0\STM32CubeIDE\plugins\com.st.stm32cube.common.mx_6.3.0.202107141111\\db\/plugins/mcufinder/images/
2023-09-22 08:51:51,043 [INFO] DbBoards:264 - Set plugin images path to: C:\ST\STM32CubeIDE_1.7.0\STM32CubeIDE\plugins\com.st.stm32cube.common.mx_6.3.0.202107141111\\db\/plugins/mcufinder/images/
2023-09-22 08:51:51,043 [INFO] DbExamples:333 - Set plugin images path to: C:\ST\STM32CubeIDE_1.7.0\STM32CubeIDE\plugins\com.st.stm32cube.common.mx_6.3.0.202107141111\\db\/plugins/mcufinder/images/
2023-09-22 08:51:51,043 [WARN] DbFile:35 - Overriding database path with different value: C:\Users\USER\.stmcufinder\plugins\mcufinder/ => C:\Users\USER\.stmcufinder\plugins\mcufinder
2023-09-22 08:51:51,044 [INFO] DbMcusAds:119 - Set database path to: C:\Users\USER\.stmcufinder\plugins\mcufinder//mcu/
2023-09-22 08:51:51,044 [WARN] DbFile:35 - Overriding database path with different value: C:\Users\USER\.stmcufinder\plugins\mcufinder/ => C:\Users\USER\.stmcufinder\plugins\mcufinder
2023-09-22 08:51:51,044 [INFO] DbMcusDocs:110 - Set database path to: C:\Users\USER\.stmcufinder\plugins\mcufinder//mcu/
2023-09-22 08:51:51,044 [WARN] DbFile:35 - Overriding database path with different value: C:\Users\USER\.stmcufinder\plugins\mcufinder/ => C:\Users\USER\.stmcufinder\plugins\mcufinder
2023-09-22 08:51:51,044 [INFO] DbMcusJson:64 - Set database path to: C:\Users\USER\.stmcufinder\plugins\mcufinder//mcu/
2023-09-22 08:51:51,044 [WARN] DbFile:35 - Overriding database path with different value: C:\Users\USER\.stmcufinder\plugins\mcufinder/ => C:\Users\USER\.stmcufinder\plugins\mcufinder
2023-09-22 08:51:51,044 [INFO] DbBoardsDocs:110 - Set database path to: C:\Users\USER\.stmcufinder\plugins\mcufinder//mcu/
2023-09-22 08:51:51,044 [WARN] DbFile:35 - Overriding database path with different value: C:\Users\USER\.stmcufinder\plugins\mcufinder/ => C:\Users\USER\.stmcufinder\plugins\mcufinder
2023-09-22 08:51:51,044 [INFO] DbBoardsJson:57 - Set database path to: C:\Users\USER\.stmcufinder\plugins\mcufinder//mcu/
2023-09-22 08:51:51,044 [WARN] DbFile:35 - Overriding database path with different value: C:\Users\USER\.stmcufinder\plugins\mcufinder/ => C:\Users\USER\.stmcufinder\plugins\mcufinder
2023-09-22 08:51:51,044 [WARN] DbFile:35 - Overriding database path with different value: C:\Users\USER\.stmcufinder\plugins\mcufinder/ => C:\Users\USER\.stmcufinder\plugins\mcufinder
2023-09-22 08:51:51,044 [INFO] CrossReferenceDbSqlite:196 - Set database path to: C:\Users\USER\.stmcufinder\plugins\mcufinder//mcu/cs/
2023-09-22 08:51:51,044 [WARN] DbFile:35 - Overriding database path with different value: C:\Users\USER\.stmcufinder\plugins\mcufinder/ => C:\Users\USER\.stmcufinder\plugins\mcufinder
2023-09-22 08:51:51,044 [INFO] DbExamplesSqlite:767 - Set database path to: C:\Users\USER\.stmcufinder\plugins\mcufinder//mcu/
2023-09-22 08:51:51,056 [INFO] ApplicationProperties:181 - Using Application install path: C:\ST\STM32CubeIDE_1.7.0\STM32CubeIDE\plugins\com.st.stm32cube.common.mx_6.3.0.202107141111
2023-09-22 08:51:51,057 [INFO] PluginManage:188 - Search for loadable plugins [exclusion list=, ]
2023-09-22 08:51:51,058 [INFO] PluginManage:302 - Check plugin analytics
2023-09-22 08:51:51,164 [INFO] AnalyticsPlugin:257 - Accepted Software Licenses: 
2023-09-22 08:51:51,165 [INFO] AnalyticsPlugin:259 - Accepted CMSIS Pack Licenses: 
2023-09-22 08:51:51,165 [INFO] AnalyticsPlugin:261 - Accepted Firmware Licenses: 
2023-09-22 08:51:51,165 [INFO] PluginManage:352 - Loaded plugin analytics (category:tool,tabindex:-1)
2023-09-22 08:51:51,165 [INFO] PluginManage:302 - Check plugin clock
2023-09-22 08:51:51,174 [INFO] PluginManage:352 - Loaded plugin clock (category:base,tabindex:2)
2023-09-22 08:51:51,174 [INFO] PluginManage:302 - Check plugin ddr
2023-09-22 08:51:51,175 [INFO] PluginManage:352 - Loaded plugin ddr (category:tool,tabindex:6)
2023-09-22 08:51:51,176 [INFO] PluginManage:302 - Check plugin filemanager
2023-09-22 08:51:51,268 [INFO] PluginManage:352 - Loaded plugin filemanager (category:base,tabindex:10)
2023-09-22 08:51:51,268 [INFO] PluginManage:302 - Check plugin ipmanager
2023-09-22 08:51:51,274 [INFO] PluginManage:352 - Loaded plugin ipmanager (category:base,tabindex:5)
2023-09-22 08:51:51,274 [INFO] PluginManage:302 - Check plugin pinoutandconfiguration
2023-09-22 08:51:51,281 [INFO] PluginManage:352 - Loaded plugin pinoutandconfiguration (category:base,tabindex:1)
2023-09-22 08:51:51,281 [INFO] PluginManage:302 - Check plugin pinoutconfig
2023-09-22 08:51:51,300 [INFO] PluginManage:352 - Loaded plugin pinoutconfig (category:base,tabindex:0)
2023-09-22 08:51:51,300 [INFO] PluginManage:302 - Check plugin power
2023-09-22 08:51:51,307 [INFO] PluginManage:352 - Loaded plugin power (category:power,tabindex:4)
2023-09-22 08:51:51,307 [INFO] PluginManage:302 - Check plugin projectmanager
2023-09-22 08:51:51,320 [INFO] PluginManage:352 - Loaded plugin projectmanager (category:projectmanager,tabindex:3)
2023-09-22 08:51:51,320 [INFO] PluginManage:302 - Check plugin thirdparty
2023-09-22 08:51:51,403 [WARN] IntegrityCheckThread:78 - waiting for thirdparty lock release [integrity check]
2023-09-22 08:51:51,403 [INFO] PluginManage:352 - Loaded plugin thirdparty (category:base,tabindex:-1)
2023-09-22 08:51:51,404 [INFO] PluginManage:302 - Check plugin tools
2023-09-22 08:51:51,404 [INFO] IntegrityCheckThread:80 - entering critical section [integrity check]
2023-09-22 08:51:51,404 [INFO] ThirdPartyUpdaterWithRetryManager:66 - Updater plugin not ready yet. [1/15]
2023-09-22 08:51:51,405 [INFO] PluginManage:352 - Loaded plugin tools (category:base,tabindex:7)
2023-09-22 08:51:51,405 [INFO] PluginManage:302 - Check plugin tutovideos
2023-09-22 08:51:51,547 [INFO] PluginManage:352 - Loaded plugin tutovideos (category:base,tabindex:-1)
2023-09-22 08:51:51,547 [INFO] PluginManage:302 - Check plugin updater
2023-09-22 08:51:51,555 [INFO] PluginManage:352 - Loaded plugin updater (category:base,tabindex:12)
2023-09-22 08:51:51,556 [INFO] PluginManage:275 - PluginManage : Loaded plugins [13]
2023-09-22 08:51:51,685 [INFO] PinOutPanel:1463 - setPackage(No Configuration,No Configuration)
2023-09-22 08:51:51,750 [INFO] IPUIPlugin:74 - create IPUIPlugin
2023-09-22 08:51:51,750 [INFO] PluginManager:213 - loadIPPluginJar : add adc
2023-09-22 08:51:51,752 [INFO] IPUIPlugin:74 - create IPUIPlugin
2023-09-22 08:51:51,752 [INFO] PluginManager:213 - loadIPPluginJar : add aes
2023-09-22 08:51:51,753 [INFO] IPUIPlugin:74 - create IPUIPlugin
2023-09-22 08:51:51,754 [INFO] PluginManager:213 - loadIPPluginJar : add can
2023-09-22 08:51:51,755 [INFO] IPUIPlugin:74 - create IPUIPlugin
2023-09-22 08:51:51,755 [INFO] PluginManager:213 - loadIPPluginJar : add comp
2023-09-22 08:51:51,756 [INFO] IPUIPlugin:74 - create IPUIPlugin
2023-09-22 08:51:51,756 [INFO] PluginManager:213 - loadIPPluginJar : add cryp
2023-09-22 08:51:51,758 [INFO] IPUIPlugin:74 - create IPUIPlugin
2023-09-22 08:51:51,758 [INFO] PluginManager:213 - loadIPPluginJar : add dfsdm
2023-09-22 08:51:51,761 [INFO] IPUIPlugin:74 - create IPUIPlugin
2023-09-22 08:51:51,776 [INFO] PluginManager:213 - loadIPPluginJar : add dma
2023-09-22 08:51:51,779 [INFO] IPUIPlugin:74 - create IPUIPlugin
2023-09-22 08:51:51,780 [INFO] PluginManager:213 - loadIPPluginJar : add dma3
2023-09-22 08:51:51,781 [INFO] IPUIPlugin:74 - create IPUIPlugin
2023-09-22 08:51:51,781 [INFO] PluginManager:213 - loadIPPluginJar : add fatfs
2023-09-22 08:51:51,784 [INFO] IPUIPlugin:74 - create IPUIPlugin
2023-09-22 08:51:51,784 [INFO] PluginManager:213 - loadIPPluginJar : add fmc
2023-09-22 08:51:51,788 [INFO] IPUIPlugin:74 - create IPUIPlugin
2023-09-22 08:51:51,788 [INFO] PluginManager:213 - loadIPPluginJar : add freertos
2023-09-22 08:51:51,789 [INFO] IPUIPlugin:74 - create IPUIPlugin
2023-09-22 08:51:51,789 [INFO] PluginManager:213 - loadIPPluginJar : add genericplugin
2023-09-22 08:51:51,791 [INFO] IPUIPlugin:74 - create IPUIPlugin
2023-09-22 08:51:51,791 [INFO] PluginManager:213 - loadIPPluginJar : add gfxmmu
2023-09-22 08:51:51,794 [INFO] IPUIPlugin:74 - create IPUIPlugin
2023-09-22 08:51:51,795 [INFO] PluginManager:213 - loadIPPluginJar : add gic
2023-09-22 08:51:51,797 [INFO] IPUIPlugin:74 - create IPUIPlugin
2023-09-22 08:51:51,797 [INFO] PluginManager:213 - loadIPPluginJar : add gpio
2023-09-22 08:51:51,799 [INFO] IPUIPlugin:74 - create IPUIPlugin
2023-09-22 08:51:51,799 [INFO] PluginManager:213 - loadIPPluginJar : add gtzc
2023-09-22 08:51:51,801 [INFO] IPUIPlugin:74 - create IPUIPlugin
2023-09-22 08:51:51,801 [INFO] PluginManager:213 - loadIPPluginJar : add hash
2023-09-22 08:51:51,803 [INFO] IPUIPlugin:74 - create IPUIPlugin
2023-09-22 08:51:51,803 [INFO] PluginManager:213 - loadIPPluginJar : add i2c
2023-09-22 08:51:51,805 [INFO] IPUIPlugin:74 - create IPUIPlugin
2023-09-22 08:51:51,805 [INFO] PluginManager:213 - loadIPPluginJar : add i2s
2023-09-22 08:51:51,807 [INFO] IPUIPlugin:74 - create IPUIPlugin
2023-09-22 08:51:51,807 [INFO] PluginManager:213 - loadIPPluginJar : add ipddr
2023-09-22 08:51:51,812 [INFO] IPUIPlugin:74 - create IPUIPlugin
2023-09-22 08:51:51,812 [INFO] PluginManager:213 - loadIPPluginJar : add linkedlist
2023-09-22 08:51:51,814 [INFO] IPUIPlugin:74 - create IPUIPlugin
2023-09-22 08:51:51,814 [INFO] PluginManager:213 - loadIPPluginJar : add lorawan
2023-09-22 08:51:51,815 [INFO] IPUIPlugin:74 - create IPUIPlugin
2023-09-22 08:51:51,815 [INFO] PluginManager:213 - loadIPPluginJar : add ltdc
2023-09-22 08:51:51,818 [INFO] IPUIPlugin:74 - create IPUIPlugin
2023-09-22 08:51:51,818 [INFO] PluginManager:213 - loadIPPluginJar : add mdma
2023-09-22 08:51:51,820 [INFO] IPUIPlugin:74 - create IPUIPlugin
2023-09-22 08:51:51,820 [INFO] PluginManager:213 - loadIPPluginJar : add nvic
2023-09-22 08:51:51,822 [INFO] IPUIPlugin:74 - create IPUIPlugin
2023-09-22 08:51:51,822 [INFO] PluginManager:213 - loadIPPluginJar : add opamp
2023-09-22 08:51:51,824 [INFO] IPUIPlugin:74 - create IPUIPlugin
2023-09-22 08:51:51,824 [INFO] PluginManager:213 - loadIPPluginJar : add openamp
2023-09-22 08:51:51,826 [INFO] IPUIPlugin:74 - create IPUIPlugin
2023-09-22 08:51:51,826 [INFO] PluginManager:213 - loadIPPluginJar : add pdm2pcm
2023-09-22 08:51:51,831 [INFO] IPUIPlugin:74 - create IPUIPlugin
2023-09-22 08:51:51,833 [INFO] PluginManager:213 - loadIPPluginJar : add plateformsettings
2023-09-22 08:51:51,834 [INFO] IPUIPlugin:74 - create IPUIPlugin
2023-09-22 08:51:51,834 [INFO] PluginManager:213 - loadIPPluginJar : add quadspi
2023-09-22 08:51:51,836 [INFO] IPUIPlugin:74 - create IPUIPlugin
2023-09-22 08:51:51,836 [INFO] PluginManager:213 - loadIPPluginJar : add resmgrutility
2023-09-22 08:51:51,838 [INFO] IPUIPlugin:74 - create IPUIPlugin
2023-09-22 08:51:51,838 [INFO] PluginManager:213 - loadIPPluginJar : add sai
2023-09-22 08:51:51,840 [INFO] IPUIPlugin:74 - create IPUIPlugin
2023-09-22 08:51:51,840 [INFO] PluginManager:213 - loadIPPluginJar : add spi
2023-09-22 08:51:51,843 [INFO] IPUIPlugin:74 - create IPUIPlugin
2023-09-22 08:51:51,843 [INFO] PluginManager:213 - loadIPPluginJar : add stm32_wpan
2023-09-22 08:51:51,844 [INFO] IPUIPlugin:74 - create IPUIPlugin
2023-09-22 08:51:51,844 [INFO] PluginManager:213 - loadIPPluginJar : add tim
2023-09-22 08:51:51,846 [INFO] IPUIPlugin:74 - create IPUIPlugin
2023-09-22 08:51:51,846 [INFO] PluginManager:213 - loadIPPluginJar : add touchsensing
2023-09-22 08:51:51,847 [INFO] IPUIPlugin:74 - create IPUIPlugin
2023-09-22 08:51:51,848 [INFO] PluginManager:213 - loadIPPluginJar : add tracer_emb
2023-09-22 08:51:51,849 [INFO] IPUIPlugin:74 - create IPUIPlugin
2023-09-22 08:51:51,849 [INFO] PluginManager:213 - loadIPPluginJar : add ts
2023-09-22 08:51:51,850 [INFO] IPUIPlugin:74 - create IPUIPlugin
2023-09-22 08:51:51,850 [INFO] PluginManager:213 - loadIPPluginJar : add tsc
2023-09-22 08:51:51,851 [INFO] IPUIPlugin:74 - create IPUIPlugin
2023-09-22 08:51:51,851 [INFO] PluginManager:213 - loadIPPluginJar : add ucpd
2023-09-22 08:51:51,853 [INFO] IPUIPlugin:74 - create IPUIPlugin
2023-09-22 08:51:51,853 [INFO] PluginManager:213 - loadIPPluginJar : add usart
2023-09-22 08:51:51,855 [INFO] IPUIPlugin:74 - create IPUIPlugin
2023-09-22 08:51:51,855 [INFO] PluginManager:213 - loadIPPluginJar : add usbx
2023-09-22 08:51:52,092 [FATAL] Updater:294 - Updater called before beeing initialized
2023-09-22 08:51:52,173 [FATAL] Updater:294 - Updater called before beeing initialized
2023-09-22 08:51:52,176 [INFO] DbMcusAds:47 - JSON generation date=Tue Mar 07 15:50:55 ICT 2023 (1678179055114)
2023-09-22 08:51:52,177 [FATAL] Updater:294 - Updater called before beeing initialized
2023-09-22 08:51:52,204 [WARN] DetailPanel:314 - Failed to get advertising image, set to default
2023-09-22 08:51:52,298 [FATAL] Updater:294 - Updater called before beeing initialized
2023-09-22 08:51:52,300 [FATAL] Updater:294 - Updater called before beeing initialized
2023-09-22 08:51:52,300 [FATAL] Updater:294 - Updater called before beeing initialized
2023-09-22 08:51:52,300 [WARN] DetailPanel:314 - Failed to get advertising image, set to default
2023-09-22 08:51:52,301 [FATAL] Updater:294 - Updater called before beeing initialized
2023-09-22 08:51:52,352 [ERROR] Updater:1075 - MainUpdater not yet initialized. External WinMGr cannot be set.
2023-09-22 08:51:52,354 [INFO] Updater:1012 - Updater Version found : 6.3.0
2023-09-22 08:51:52,366 [INFO] ApplicationProperties:181 - Using Application install path: C:\ST\STM32CubeIDE_1.7.0\STM32CubeIDE\plugins\com.st.stm32cube.common.mx_6.3.0.202107141111
2023-09-22 08:51:52,654 [INFO] MainUpdater:2671 - connection check result : 10
2023-09-22 08:51:52,655 [INFO] MainUpdater:265 - Updater Check For Update Now.
2023-09-22 08:51:52,655 [INFO] MicroXplorer:478 - Change Database Version : DB.6.0.30
2023-09-22 08:51:52,802 [INFO] CheckServerUpdateThread:112 - End of CheckServer Thread
2023-09-22 08:51:52,860 [INFO] MainUpdater:2671 - connection check result : 10
2023-09-22 08:51:53,030 [INFO] McuFinderGlobals:52 - Set McuFinderConnectedMode to false
2023-09-22 08:51:53,110 [INFO] CrossSelectorPresenter:1330 - Cross Selector saved comparison directory: C:\Users\USER\.stmcufinder\plugins\mcufinder\mcu\cs_comparisons_mx
2023-09-22 08:51:53,114 [INFO] MultiScanPanel:197 - Auto-refresh data requested => check proxy status ongoing
2023-09-22 08:51:53,114 [INFO] MultiScanPanel:201 - Proxy status is invalid
2023-09-22 08:51:53,118 [INFO] FinderPluginLoader:87 - Searching for filters in installed packs
2023-09-22 08:51:53,119 [INFO] DbMcusXml:100 - Load MCU database from C:\ST\STM32CubeIDE_1.7.0\STM32CubeIDE\plugins\com.st.stm32cube.common.mx_6.3.0.202107141111\\db\/mcu/families.xml
2023-09-22 08:51:53,777 [INFO] DbMcusJson:93 - JSON generation date=Tue Nov 16 23:17:54 ICT 2021 (1637079474)
2023-09-22 08:51:54,374 [INFO] DbMcus:175 - Found 1951 MCUs (1903 are supported by CubeMX, 1914 are visible in CubeMX)
2023-09-22 08:51:54,375 [INFO] ApiDb:251 - Load user favorites file C:\Users\USER/.stm32cubeide/favorites.mcus.txt: 0 item(s)
2023-09-22 08:51:54,375 [INFO] ApiDb:255 - User favorites MCUs=[]
2023-09-22 08:51:54,375 [INFO] DbMcus:187 - Set 0 / 0 favorites MCUs
2023-09-22 08:51:54,519 [ERROR] Engine:463 - C:\Users\USER\.stm32cubemx\thirdparties\pdsc\STMicroelectronics.X-CUBE-SMBUS.2.1.0.pdsc: PDSC version is not supported
2023-09-22 08:51:54,566 [WARN] PackLoader:238 - Cannot read IP mode file for STMicroelectronics.X-CUBE-AZRTOS-F7.1.1.0
2023-09-22 08:51:54,573 [ERROR] Engine:463 - C:\Users\USER\.stm32cubemx\thirdparties\pdsc\STMicroelectronics.FP-SNS-MOTENV1.4.3.2.pdsc: PDSC version is not supported
2023-09-22 08:51:54,575 [ERROR] Engine:463 - C:\Users\USER\.stm32cubemx\thirdparties\pdsc\STMicroelectronics.FP-SNS-FLIGHT1.5.0.1.pdsc: PDSC version is not supported
2023-09-22 08:51:54,580 [WARN] PackLoader:238 - Cannot read IP mode file for STMicroelectronics.X-CUBE-BLE1.6.2.4
2023-09-22 08:51:54,582 [ERROR] Engine:463 - C:\Users\USER\.stm32cubemx\thirdparties\pdsc\STMicroelectronics.FP-SNS-FLIGHT1.5.0.2.pdsc: PDSC version is not supported
2023-09-22 08:51:54,585 [ERROR] Engine:463 - C:\Users\USER\.stm32cubemx\thirdparties\pdsc\STMicroelectronics.X-CUBE-DISPLAY.3.0.0.pdsc: PDSC version is not supported
2023-09-22 08:51:54,597 [WARN] PackLoader:238 - Cannot read IP mode file for STMicroelectronics.X-CUBE-BLE1.7.0.0
2023-09-22 08:51:54,603 [WARN] PackLoader:238 - Cannot read IP mode file for STMicroelectronics.X-CUBE-TOUCHGFX.4.22.0
2023-09-22 08:51:54,605 [ERROR] Engine:463 - C:\Users\USER\.stm32cubemx\thirdparties\pdsc\STMicroelectronics.FP-SNS-SMARTAG2.1.2.0.pdsc: PDSC version is not supported
2023-09-22 08:51:54,614 [INFO] LogOutputStream:76 - [STDOUT_REDIRECT] 1 : Invalid condition id : UX_CORESTACK_Condition cause : null
2023-09-22 08:51:54,616 [INFO] LogOutputStream:76 - [STDOUT_REDIRECT] 1 : Invalid condition id : UX_CORESTACK_Condition cause : null
2023-09-22 08:51:54,617 [INFO] LogOutputStream:76 - [STDOUT_REDIRECT] 1 : Invalid condition id : UX_CORESTACK_Condition cause : null
2023-09-22 08:51:54,618 [INFO] LogOutputStream:76 - [STDOUT_REDIRECT] 1 : Invalid condition id : UX_CORESTACK_Condition cause : null
2023-09-22 08:51:54,619 [INFO] LogOutputStream:76 - [STDOUT_REDIRECT] 1 : Invalid condition id : UX_CORESTACK_Condition cause : null
2023-09-22 08:51:54,622 [WARN] PackLoader:238 - Cannot read IP mode file for STMicroelectronics.X-CUBE-AZRTOS-WL.2.0.0
2023-09-22 08:51:54,630 [WARN] PackLoader:238 - Cannot read IP mode file for WES.I-CUBE-Cesium.1.3.0
2023-09-22 08:51:54,634 [WARN] PackLoader:238 - Cannot read IP mode file for STMicroelectronics.X-CUBE-BLE2.3.3.0
2023-09-22 08:51:54,646 [WARN] PackLoader:238 - Cannot read IP mode file for STMicroelectronics.X-CUBE-ALGOBUILD.1.3.0
2023-09-22 08:51:54,662 [WARN] PackLoader:238 - Cannot read IP mode file for STMicroelectronics.X-CUBE-AZRTOS-G0.1.1.0
2023-09-22 08:51:54,671 [WARN] PackLoader:238 - Cannot read IP mode file for STMicroelectronics.X-CUBE-NFC4.3.0.0
2023-09-22 08:51:54,675 [WARN] PackLoader:238 - Cannot read IP mode file for STMicroelectronics.FP-ATR-SIGFOX1.3.2.0
2023-09-22 08:51:54,705 [WARN] PackLoader:238 - Cannot read IP mode file for SEGGER.I-CUBE-embOS.1.3.1
2023-09-22 08:51:54,756 [WARN] PackLoader:238 - Cannot read IP mode file for STMicroelectronics.X-CUBE-GNSS1.6.0.0
2023-09-22 08:51:54,776 [WARN] PackLoader:238 - Cannot read IP mode file for STMicroelectronics.X-CUBE-AZRTOS-F4.1.1.0
2023-09-22 08:51:54,783 [WARN] PackLoader:238 - Cannot read IP mode file for wolfSSL.I-CUBE-wolfSSL.5.6.0
2023-09-22 08:51:54,799 [INFO] DetailPanel:309 - Set advertising image to C:/Users/USER/STM32Cube/Repository/\en.prom-stm32h5-mcu-finder.jpg
2023-09-22 08:51:54,801 [WARN] PackLoader:238 - Cannot read IP mode file for STMicroelectronics.X-CUBE-AZRTOS-L5.2.0.0
2023-09-22 08:51:54,837 [WARN] PackLoader:238 - Cannot read IP mode file for STMicroelectronics.X-CUBE-MEMS1.9.6.0
2023-09-22 08:51:55,008 [ERROR] Engine:463 - C:\Users\USER\.stm32cubemx\thirdparties\pdsc\emotas.I-CUBE-CANOPEN.1.1.3.pdsc: PDSC version is not supported
2023-09-22 08:51:55,016 [WARN] PackLoader:238 - Cannot read IP mode file for STMicroelectronics.X-CUBE-BLEMGR.2.0.0
2023-09-22 08:51:55,038 [WARN] ConditionMgr:437 - getConditionDescription Invalid condition id : UX DEVICE CLASS RTOS Condition cause : null
2023-09-22 08:51:55,039 [WARN] ConditionMgr:437 - getConditionDescription Invalid condition id : UX DEVICE CLASS RTOS Condition cause : null
2023-09-22 08:51:55,042 [WARN] PackLoader:238 - Cannot read IP mode file for STMicroelectronics.X-CUBE-AZRTOS-H7.3.1.0
2023-09-22 08:51:55,043 [WARN] ConditionMgr:1038 - genDependencies : Invalid condition id : UX DEVICE CLASS RTOS Condition cause : null
2023-09-22 08:51:55,043 [WARN] ConditionMgr:1038 - genDependencies : Invalid condition id : UX DEVICE CLASS RTOS Condition cause : null
2023-09-22 08:51:55,044 [WARN] ConditionMgr:1038 - genDependencies : Invalid condition id : UX DEVICE CLASS RTOS Condition cause : null
2023-09-22 08:51:55,044 [WARN] ConditionMgr:1038 - genDependencies : Invalid condition id : UX DEVICE CLASS RTOS Condition cause : null
2023-09-22 08:51:55,044 [WARN] ConditionMgr:1038 - genDependencies : Invalid condition id : UX DEVICE CLASS RTOS Condition cause : null
2023-09-22 08:51:55,050 [WARN] PackLoader:238 - Cannot read IP mode file for STMicroelectronics.X-CUBE-NFC7.1.0.1
2023-09-22 08:51:55,056 [WARN] PackLoader:238 - Cannot read IP mode file for STMicroelectronics.X-CUBE-NFC6.3.0.0
2023-09-22 08:51:55,062 [WARN] PackLoader:238 - Cannot read IP mode file for STMicroelectronics.X-CUBE-EEPRMA1.4.1.0
2023-09-22 08:51:55,067 [WARN] PackLoader:238 - Cannot read IP mode file for STMicroelectronics.X-CUBE-AI.8.1.0
2023-09-22 08:51:55,091 [WARN] ConditionMgr:437 - getConditionDescription Invalid condition id : LAN8742 Phy interface Condition cause : null
2023-09-22 08:51:55,091 [WARN] PackLoader:238 - Cannot read IP mode file for STMicroelectronics.X-CUBE-AZRTOS-L4.2.0.0
2023-09-22 08:51:55,092 [WARN] ConditionMgr:1038 - genDependencies : Invalid condition id : LAN8742 Phy interface Condition cause : null
2023-09-22 08:51:55,092 [WARN] ConditionMgr:1038 - genDependencies : Invalid condition id : LAN8742 Phy interface Condition cause : null
2023-09-22 08:51:55,093 [WARN] ConditionMgr:1038 - genDependencies : Invalid condition id : LAN8742 Phy interface Condition cause : null
2023-09-22 08:51:55,108 [WARN] PackLoader:238 - Cannot read IP mode file for STMicroelectronics.X-CUBE-SFXS2LP1.4.0.0
2023-09-22 08:51:55,112 [WARN] PackLoader:238 - Cannot read IP mode file for STMicroelectronics.X-CUBE-ISPU.1.1.0
2023-09-22 08:51:55,126 [WARN] ConditionMgr:437 - getConditionDescription Invalid condition id : UX DEVICE CLASS RTOS Condition cause : null
2023-09-22 08:51:55,126 [WARN] ConditionMgr:437 - getConditionDescription Invalid condition id : UX DEVICE CLASS RTOS Condition cause : null
2023-09-22 08:51:55,129 [WARN] PackLoader:238 - Cannot read IP mode file for STMicroelectronics.X-CUBE-AZRTOS-WB.2.0.0
2023-09-22 08:51:55,129 [WARN] ConditionMgr:1038 - genDependencies : Invalid condition id : UX DEVICE CLASS RTOS Condition cause : null
2023-09-22 08:51:55,129 [WARN] ConditionMgr:1038 - genDependencies : Invalid condition id : UX DEVICE CLASS RTOS Condition cause : null
2023-09-22 08:51:55,130 [WARN] ConditionMgr:1038 - genDependencies : Invalid condition id : UX DEVICE CLASS RTOS Condition cause : null
2023-09-22 08:51:55,130 [WARN] ConditionMgr:1038 - genDependencies : Invalid condition id : UX DEVICE CLASS RTOS Condition cause : null
2023-09-22 08:51:55,130 [WARN] ConditionMgr:1038 - genDependencies : Invalid condition id : UX DEVICE CLASS RTOS Condition cause : null
2023-09-22 08:51:55,132 [ERROR] Engine:463 - C:\Users\USER\.stm32cubemx\thirdparties\pdsc\STMicroelectronics.X-CUBE-FREERTOS.1.0.1.pdsc: PDSC version is not supported
2023-09-22 08:51:55,145 [WARN] PackLoader:238 - Cannot read IP mode file for STMicroelectronics.X-CUBE-AZRTOS-L5.1.1.0
2023-09-22 08:51:55,150 [WARN] PackLoader:238 - Cannot read IP mode file for STMicroelectronics.X-CUBE-AI.8.0.1
2023-09-22 08:51:55,159 [WARN] PackLoader:238 - Cannot read IP mode file for STMicroelectronics.X-CUBE-SUBG2.5.0.0
2023-09-22 08:51:55,160 [INFO] DbBoardsPdsc:90 - Found 25 items
2023-09-22 08:51:55,161 [INFO] DbBoardsPdsc:90 - Found 9 items
2023-09-22 08:51:55,164 [INFO] DbBoardsPdsc:90 - Found 33 items
2023-09-22 08:51:55,165 [INFO] DbBoardsPdsc:90 - Found 1 items
2023-09-22 08:51:55,168 [ERROR] Engine:463 - C:\Users\USER\.stm32cubemx\thirdparties\pdsc\STMicroelectronics.X-CUBE-TOF1.3.3.1.pdsc: PDSC version is not supported
2023-09-22 08:51:55,170 [INFO] DbBoardsPdsc:90 - Found 48 items
2023-09-22 08:51:55,176 [INFO] DbBoardsPdsc:90 - Found 43 items
2023-09-22 08:51:55,177 [INFO] DbBoardsPdsc:90 - Found 2 items
2023-09-22 08:51:55,179 [INFO] DbBoardsPdsc:90 - Found 5 items
2023-09-22 08:51:55,182 [WARN] DbBoardsPdsc:254 - Board STM32H7B3I-DK: unknown feature type=Audio, name=, username=Audio stereo codec with Headphone Amp (CS42L51-CNZ), n=1
2023-09-22 08:51:55,183 [WARN] DbBoardsPdsc:254 - Board STM32H735G-DK: unknown feature type=Audio, name=, username=Audio stereo codec with Headphone Amp (WM8994ECS/R), n=1
2023-09-22 08:51:55,183 [WARN] PackLoader:238 - Cannot read IP mode file for STMicroelectronics.X-CUBE-AZRTOS-G4.2.0.0
2023-09-22 08:51:55,185 [WARN] DbBoardsPdsc:254 - Board STM32H7B3I-EVAL: unknown feature type=Audio, name=, username=Multi-Channel Audio Codec (CS42L51-CNZ), n=1
2023-09-22 08:51:55,185 [WARN] DbBoardsPdsc:254 - Board STM32H7B3I-EVAL: unknown feature type=Meter, name=, username=Power-metering and Temperature-monitoring with sigma-delta modulators, n=1
2023-09-22 08:51:55,185 [WARN] DbBoardsPdsc:254 - Board STM32H7B3I-EVAL: unknown feature type=Motor, name=, username=Motor Control, n=1
2023-09-22 08:51:55,185 [WARN] DbBoardsPdsc:254 - Board STM32U575I-EV: unknown feature type=joystick, name=, username=4-direction joystick with selection button, n=1
2023-09-22 08:51:55,194 [WARN] PackLoader:238 - Cannot read IP mode file for STMicroelectronics.X-CUBE-TOF1.3.3.0
2023-09-22 08:51:55,202 [INFO] DbBoardsJson:86 - JSON generation date=Tue Nov 16 23:17:54 ICT 2021 (1637079474)
2023-09-22 08:51:55,205 [ERROR] Engine:463 - C:\Users\USER\.stm32cubemx\thirdparties\pdsc\STMicroelectronics.X-CUBE-FREERTOS.1.1.0.pdsc: PDSC version is not supported
2023-09-22 08:51:55,207 [INFO] DbBoards:117 - Found 167 boards (163 are supported by CubeMX)
2023-09-22 08:51:55,209 [INFO] DbBoardsDocs:143 - JSON generation date=Tue Nov 16 23:17:54 ICT 2021 (1637079474)
2023-09-22 08:51:55,210 [WARN] PackLoader:238 - Cannot read IP mode file for portGmbH.I-Cube-SoM-uGOAL.1.1.0
2023-09-22 08:51:55,212 [INFO] DbBoardsDocs:79 - Found 209 boards documents
2023-09-22 08:51:55,213 [WARN] DbBoards:127 - board B-L475E-IOT01A2 has no document id list !
2023-09-22 08:51:55,213 [WARN] PackLoader:238 - Cannot read IP mode file for STMicroelectronics.X-CUBE-ALS.1.0.1
2023-09-22 08:51:55,213 [WARN] DbBoards:127 - board NUCLEO-H743ZI has no document id list !
2023-09-22 08:51:55,214 [WARN] DbBoards:127 - board NUCLEO-WL55JC2 has no document id list !
2023-09-22 08:51:55,214 [WARN] DbBoards:127 - board P-NUCLEO-WB55-Nucleo has no document id list !
2023-09-22 08:51:55,214 [WARN] DbBoards:127 - board P-NUCLEO-WB55-USBDongle has no document id list !
2023-09-22 08:51:55,214 [WARN] DbBoards:127 - board STEVAL-BFA001V1B has no document id list !
2023-09-22 08:51:55,214 [WARN] DbBoards:127 - board STEVAL-BFA001V2B has no document id list !
2023-09-22 08:51:55,214 [WARN] DbBoards:127 - board STEVAL-IDP005V1 has no document id list !
2023-09-22 08:51:55,214 [WARN] DbBoards:127 - board STEVAL-IDP005V2 has no document id list !
2023-09-22 08:51:55,215 [WARN] DbBoards:127 - board STEVAL-MKSBOX1V1 has no document id list !
2023-09-22 08:51:55,215 [WARN] DbBoards:127 - board STEVAL-STWINKT1 has no document id list !
2023-09-22 08:51:55,215 [WARN] DbBoards:127 - board STEVAL-STWINKT1B has no document id list !
2023-09-22 08:51:55,215 [WARN] DbBoards:127 - board STM32439I-EVAL2 has no document id list !
2023-09-22 08:51:55,215 [WARN] DbBoards:127 - board STM32F401C-DISCO has no document id list !
2023-09-22 08:51:55,215 [WARN] DbBoards:127 - board STM32F769I-DISC1 has no document id list !
2023-09-22 08:51:55,216 [WARN] DbBoards:127 - board STM32G474E-EVAL1 has no document id list !
2023-09-22 08:51:55,216 [WARN] DbBoards:127 - board STM32H743I-EVAL2 has no document id list !
2023-09-22 08:51:55,216 [WARN] DbBoards:127 - board STM32H747I-DISC1 has no document id list !
2023-09-22 08:51:55,216 [WARN] DbBoards:127 - board STM32H753I-EVAL2 has no document id list !
2023-09-22 08:51:55,216 [WARN] DbBoards:127 - board STM32L-DISCOVERY has no document id list !
2023-09-22 08:51:55,226 [WARN] PackLoader:238 - Cannot read IP mode file for STMicroelectronics.X-CUBE-AZRTOS-WB.1.1.0
2023-09-22 08:51:55,230 [WARN] PackLoader:238 - Cannot read IP mode file for STMicroelectronics.FP-ATR-ASTRA1.2.0.0
2023-09-22 08:51:55,231 [INFO] ThirdParty:915 - Integrity check success = true
2023-09-22 08:51:55,231 [INFO] IntegrityCheckThread:94 - exiting critical section [integrity check]
2023-09-22 08:51:55,231 [INFO] IntegrityCheckThread:97 - End integrity checks thread
2023-09-22 08:51:55,326 [ERROR] DbBoards:189 - Image file not found for board B-U585I-IOT02A: C:\ST\STM32CubeIDE_1.7.0\STM32CubeIDE\plugins\com.st.stm32cube.common.mx_6.3.0.202107141111\\db\/plugins/mcufinder/images/boards/B-U585I-IOT02A_small.jpg
2023-09-22 08:51:55,414 [ERROR] DbBoards:189 - Image file not found for board NUCLEO-F413ZH: C:\ST\STM32CubeIDE_1.7.0\STM32CubeIDE\plugins\com.st.stm32cube.common.mx_6.3.0.202107141111\\db\/plugins/mcufinder/images/boards/nucleo-f413zh_small.jpg
2023-09-22 08:51:55,590 [ERROR] DbBoards:189 - Image file not found for board NUCLEO-L552ZE-Q: C:\ST\STM32CubeIDE_1.7.0\STM32CubeIDE\plugins\com.st.stm32cube.common.mx_6.3.0.202107141111\\db\/plugins/mcufinder/images/boards/nucleo_l552ze_q_small.jpg
2023-09-22 08:51:55,590 [ERROR] DbBoards:189 - Image file not found for board NUCLEO-U575ZI-Q: C:\ST\STM32CubeIDE_1.7.0\STM32CubeIDE\plugins\com.st.stm32cube.common.mx_6.3.0.202107141111\\db\/plugins/mcufinder/images/boards/nucleo-u575zi-q_small.jpg
2023-09-22 08:51:55,590 [ERROR] DbBoards:189 - Image file not found for board NUCLEO-WB15CC: C:\ST\STM32CubeIDE_1.7.0\STM32CubeIDE\plugins\com.st.stm32cube.common.mx_6.3.0.202107141111\\db\/plugins/mcufinder/images/boards/nucleo-wb15cc_small.jpg
2023-09-22 08:51:55,590 [ERROR] DbBoards:189 - Image file not found for board NUCLEO-WB55RG: C:\ST\STM32CubeIDE_1.7.0\STM32CubeIDE\plugins\com.st.stm32cube.common.mx_6.3.0.202107141111\\db\/plugins/mcufinder/images/boards/nucleo-wb55rg_small.jpg
2023-09-22 08:51:56,491 [INFO] ApiDb:251 - Load user favorites file C:\Users\USER/.stm32cubeide/favorites.boards.txt: 0 item(s)
2023-09-22 08:51:56,491 [INFO] ApiDb:255 - User favorites Boards=[]
2023-09-22 08:51:56,491 [INFO] DbBoards:206 - Set 0 / 0 favorites Boards
2023-09-22 08:52:10,742 [INFO] DbMcusDocs:143 - JSON generation date=Tue Nov 16 23:17:54 ICT 2021 (1637079474)
2023-09-22 08:52:10,982 [INFO] DbMcusDocs:79 - Found 682 MCUs documents
2023-09-22 08:52:53,369 [INFO] MainUpdater:2671 - connection check result : 10
2023-09-22 08:52:53,370 [INFO] MainUpdater:2671 - connection check result : 10
2023-09-22 08:52:53,409 [INFO] MicroXplorer:448 - Change Database Path : 
2023-09-22 08:52:53,409 [INFO] MicroXplorer:478 - Change Database Version : DB.6.0.30
2023-09-22 08:52:53,410 [WARN] ThirdParty:813 - waiting for thirdparty lock release [close project]
2023-09-22 08:52:53,410 [INFO] ThirdParty:815 - entering critical section [close project]
2023-09-22 08:52:53,412 [INFO] ThirdParty:825 - exiting critical section [close project]
2023-09-22 08:52:53,417 [INFO] PinOutPanel:1463 - setPackage(No Configuration,No Configuration)
2023-09-22 08:52:53,418 [INFO] UtilMem:74 - Begin LoadConfig() Used Memory: 495477680 Bytes (580911104)
2023-09-22 08:52:53,419 [INFO] MicroXplorer:448 - Change Database Path : 
2023-09-22 08:52:53,419 [INFO] MicroXplorer:478 - Change Database Version : DB.6.0.30
2023-09-22 08:52:53,419 [INFO] OpenFileManager:313 - Change cursor
2023-09-22 08:52:54,000 [INFO] Context:592 - Trying to add GPIOservice into a context  which must be forbidden
2023-09-22 08:52:54,170 [INFO] ImportTextPane:167 - (OptionalMessage_ERROR) Unable to find key (Mcu.ThirdPartyNb) in loaded IOC file
2023-09-22 08:52:54,170 [INFO] ImportTextPane:167 - (OptionalMessage_ERROR) Unable to find key (Mcu.PinsNb) in loaded IOC file
2023-09-22 08:52:54,170 [INFO] ImportTextPane:167 - (OptionalMessage_ERROR) Unable to find key (Mcu.IPNb) in loaded IOC file
2023-09-22 08:52:54,218 [WARN] ApiManager:304 - Cannot register API 'Board Extension:GNSS1A1' from pack STMicroelectronics.X-CUBE-GNSS1.6.0.0: no header file found
2023-09-22 08:52:54,219 [WARN] ApiManager:304 - Cannot register API 'Board Support:Custom' from pack STMicroelectronics.X-CUBE-GNSS1.6.0.0: no header file found
2023-09-22 08:52:54,219 [WARN] ApiManager:304 - Cannot register API 'Data Exchange:lib_gnss' from pack STMicroelectronics.X-CUBE-GNSS1.6.0.0: no header file found
2023-09-22 08:52:54,423 [WARN] ApiManager:304 - Cannot register API 'Board Extension:IKS01A3' from pack STMicroelectronics.X-CUBE-MEMS1.9.6.0: no header file found
2023-09-22 08:52:54,423 [WARN] ApiManager:304 - Cannot register API 'Board Extension:IKS01A2' from pack STMicroelectronics.X-CUBE-MEMS1.9.6.0: no header file found
2023-09-22 08:52:54,423 [WARN] ApiManager:304 - Cannot register API 'Board Extension:IKS02A1' from pack STMicroelectronics.X-CUBE-MEMS1.9.6.0: no header file found
2023-09-22 08:52:54,431 [WARN] ApiManager:304 - Cannot register API 'Wireless:BlueNRG-MS' from pack STMicroelectronics.X-CUBE-BLE1.6.2.4: no header file found
2023-09-22 08:52:54,433 [INFO] RtosManager:484 - Registered RTOS mode: class=CMSIS, group=RTOS, mode=CMSIS_V1, owner=FREERTOS
2023-09-22 08:52:54,433 [INFO] RtosManager:484 - Registered RTOS mode: class=CMSIS, group=RTOS2, mode=CMSIS_V2, owner=FREERTOS
2023-09-22 08:52:54,433 [INFO] RtosManager:484 - Registered RTOS mode: class=RTOS, group=Core, mode=CMSIS_V1, owner=FREERTOS
2023-09-22 08:52:54,433 [INFO] RtosManager:484 - Registered RTOS mode: class=RTOS, group=Core, mode=CMSIS_V2, owner=FREERTOS
2023-09-22 08:52:54,433 [WARN] ModelIntegratedComponent:181 - Missing modes for component STMicroelectronics:FreeRTOS:0.0.1:STMicroelectronics:RTOS:FreeRTOS:Core:::10.2.0:
2023-09-22 08:52:54,435 [WARN] ApiManager:304 - Cannot register API 'Board Extension:NFC04A1' from pack STMicroelectronics.X-CUBE-NFC4.3.0.0: no header file found
2023-09-22 08:52:54,439 [WARN] ApiManager:304 - Cannot register API 'Board Extension:S2868A1' from pack STMicroelectronics.X-CUBE-SUBG2.5.0.0: no header file found
2023-09-22 08:52:54,439 [WARN] ApiManager:304 - Cannot register API 'Board Extension:S2868A2' from pack STMicroelectronics.X-CUBE-SUBG2.5.0.0: no header file found
2023-09-22 08:52:54,439 [WARN] ApiManager:304 - Cannot register API 'Board Extension:S2915A1' from pack STMicroelectronics.X-CUBE-SUBG2.5.0.0: no header file found
2023-09-22 08:52:54,448 [WARN] ApiManager:304 - Cannot register API 'Wireless:BlueNRG-MS' from pack STMicroelectronics.X-CUBE-BLE1.7.0.0: no header file found
2023-09-22 08:52:54,449 [WARN] ModelIntegratedComponent:60 - No mode defined for component null
2023-09-22 08:52:54,449 [WARN] ModelIntegratedComponent:60 - No mode defined for component null
2023-09-22 08:52:54,449 [WARN] ModelIntegratedComponent:60 - No mode defined for component null
2023-09-22 08:52:54,449 [WARN] ModelIntegratedComponent:60 - No mode defined for component null
2023-09-22 08:52:54,450 [WARN] ModelIntegratedComponent:60 - No mode defined for component null
2023-09-22 08:52:54,450 [WARN] ModelIntegratedComponent:60 - No mode defined for component null
2023-09-22 08:52:54,450 [WARN] ModelIntegratedComponent:60 - No mode defined for component null
2023-09-22 08:52:54,450 [WARN] ModelIntegratedComponent:60 - No mode defined for component null
2023-09-22 08:52:54,450 [WARN] ModelIntegratedComponent:60 - No mode defined for component null
2023-09-22 08:52:54,450 [WARN] ModelIntegratedComponent:60 - No mode defined for component null
2023-09-22 08:52:54,450 [WARN] ModelIntegratedComponent:60 - No mode defined for component null
2023-09-22 08:52:54,450 [WARN] ModelIntegratedComponent:60 - No mode defined for component null
2023-09-22 08:52:54,450 [WARN] ModelIntegratedComponent:60 - No mode defined for component null
2023-09-22 08:52:54,450 [WARN] ModelIntegratedComponent:60 - No mode defined for component null
2023-09-22 08:52:54,450 [WARN] ModelIntegratedComponent:60 - No mode defined for component null
2023-09-22 08:52:54,450 [WARN] ModelIntegratedComponent:60 - No mode defined for component null
2023-09-22 08:52:54,450 [WARN] ModelIntegratedComponent:60 - No mode defined for component null
2023-09-22 08:52:54,451 [WARN] ModelIntegratedComponent:60 - No mode defined for component null
2023-09-22 08:52:54,451 [WARN] ModelIntegratedComponent:60 - No mode defined for component null
2023-09-22 08:52:54,451 [WARN] ModelIntegratedComponent:60 - No mode defined for component null
2023-09-22 08:52:54,451 [WARN] ModelIntegratedComponent:60 - No mode defined for component null
2023-09-22 08:52:54,451 [WARN] ModelIntegratedComponent:60 - No mode defined for component null
2023-09-22 08:52:54,451 [WARN] ModelIntegratedComponent:60 - No mode defined for component null
2023-09-22 08:52:54,451 [WARN] ModelIntegratedComponent:60 - No mode defined for component null
2023-09-22 08:52:54,451 [WARN] ModelIntegratedComponent:60 - No mode defined for component null
2023-09-22 08:52:54,451 [WARN] ModelIntegratedComponent:60 - No mode defined for component null
2023-09-22 08:52:54,451 [WARN] ModelIntegratedComponent:60 - No mode defined for component null
2023-09-22 08:52:54,451 [WARN] ModelIntegratedComponent:60 - No mode defined for component null
2023-09-22 08:52:54,451 [WARN] ModelIntegratedComponent:60 - No mode defined for component null
2023-09-22 08:52:54,452 [WARN] ModelIntegratedComponent:60 - No mode defined for component null
2023-09-22 08:52:54,452 [WARN] ModelIntegratedComponent:60 - No mode defined for component null
2023-09-22 08:52:54,453 [WARN] ApiManager:304 - Cannot register API 'Board Extension:NFC07A1' from pack STMicroelectronics.X-CUBE-NFC7.1.0.1: no header file found
2023-09-22 08:52:54,454 [WARN] ApiManager:304 - Cannot register API 'Board Extension:NFC06A1' from pack STMicroelectronics.X-CUBE-NFC6.3.0.0: no header file found
2023-09-22 08:52:54,454 [WARN] ApiManager:304 - Cannot register API 'Board Extension:NFC08A1' from pack STMicroelectronics.X-CUBE-NFC6.3.0.0: no header file found
2023-09-22 08:52:54,455 [WARN] ApiManager:304 - Cannot register API 'Board Extension:EEPRMA1' from pack STMicroelectronics.X-CUBE-EEPRMA1.4.1.0: no header file found
2023-09-22 08:52:54,455 [WARN] ApiManager:304 - Cannot register API 'Board Extension:EEPRMA2' from pack STMicroelectronics.X-CUBE-EEPRMA1.4.1.0: no header file found
2023-09-22 08:52:54,455 [WARN] ApiManager:304 - Cannot register API 'Board Extension:PGEEZ1' from pack STMicroelectronics.X-CUBE-EEPRMA1.4.1.0: no header file found
2023-09-22 08:52:54,455 [WARN] ApiManager:304 - Cannot register API 'Board Part:M24' from pack STMicroelectronics.X-CUBE-EEPRMA1.4.1.0: no header file found
2023-09-22 08:52:54,455 [WARN] ApiManager:304 - Cannot register API 'Board Part:M95' from pack STMicroelectronics.X-CUBE-EEPRMA1.4.1.0: no header file found
2023-09-22 08:52:54,455 [WARN] ApiManager:304 - Cannot register API 'Board Part:M95P32' from pack STMicroelectronics.X-CUBE-EEPRMA1.4.1.0: no header file found
2023-09-22 08:52:54,455 [WARN] ApiManager:304 - Cannot register API 'PGEEZ1:SPI' from pack STMicroelectronics.X-CUBE-EEPRMA1.4.1.0: no header file found
2023-09-22 08:52:54,455 [WARN] ApiManager:304 - Cannot register API 'PGEEZ1:QDSPI' from pack STMicroelectronics.X-CUBE-EEPRMA1.4.1.0: no header file found
2023-09-22 08:52:54,467 [WARN] ApiManager:304 - Cannot register API 'Board Extension:S2868A1' from pack STMicroelectronics.X-CUBE-SFXS2LP1.4.0.0: no header file found
2023-09-22 08:52:54,467 [WARN] ApiManager:304 - Cannot register API 'Board Extension:S2868A2' from pack STMicroelectronics.X-CUBE-SFXS2LP1.4.0.0: no header file found
2023-09-22 08:52:54,467 [WARN] ApiManager:304 - Cannot register API 'Board Extension:S2915A1' from pack STMicroelectronics.X-CUBE-SFXS2LP1.4.0.0: no header file found
2023-09-22 08:52:54,468 [WARN] ApiManager:304 - Cannot register API 'Wireless:BlueNRG-2' from pack STMicroelectronics.X-CUBE-BLE2.3.3.0: no header file found
2023-09-22 08:52:56,679 [INFO] UtilMem:74 - End LoadConfig() Used Memory: 554134896 Bytes (629145600)
2023-09-22 08:52:56,680 [WARN] ThirdParty:779 - waiting for thirdparty lock release [change project]
2023-09-22 08:52:56,680 [INFO] ThirdParty:781 - entering critical section [change project]
2023-09-22 08:52:56,680 [INFO] ThirdParty:967 - CMSIS Pack Vendor :STMicroelectronics X-CUBE-ISPU 1.1.0
2023-09-22 08:52:56,680 [INFO] ThirdParty:967 - CMSIS Pack Vendor :STMicroelectronics X-CUBE-GNSS1 6.0.0
2023-09-22 08:52:56,680 [INFO] ThirdParty:967 - CMSIS Pack Vendor :STMicroelectronics USB_HOST 2.0.0
2023-09-22 08:52:56,680 [INFO] ThirdParty:967 - CMSIS Pack Vendor :STMicroelectronics X-CUBE-AZRTOS-F4 1.1.0
2023-09-22 08:52:56,681 [INFO] ThirdParty:967 - CMSIS Pack Vendor :wolfSSL I-CUBE-wolfSSL 5.6.0
2023-09-22 08:52:56,681 [INFO] ThirdParty:967 - CMSIS Pack Vendor :STMicroelectronics USB_DEVICE 3.0.0
2023-09-22 08:52:56,681 [INFO] ThirdParty:967 - CMSIS Pack Vendor :STMicroelectronics X-CUBE-AZRTOS-WB 2.0.0
2023-09-22 08:52:56,681 [INFO] ThirdParty:967 - CMSIS Pack Vendor :STMicroelectronics X-CUBE-AZRTOS-F7 1.1.0
2023-09-22 08:52:56,681 [INFO] ThirdParty:967 - CMSIS Pack Vendor :STMicroelectronics X-CUBE-AZRTOS-L5 2.0.0
2023-09-22 08:52:56,681 [INFO] ThirdParty:967 - CMSIS Pack Vendor :STMicroelectronics USB_DEVICE 2.0.0
2023-09-22 08:52:56,681 [INFO] ThirdParty:967 - CMSIS Pack Vendor :STMicroelectronics X-CUBE-MEMS1 9.6.0
2023-09-22 08:52:56,681 [INFO] ThirdParty:967 - CMSIS Pack Vendor :STMicroelectronics X-CUBE-ALGOBUILD 1.3.0
2023-09-22 08:52:56,681 [INFO] ThirdParty:967 - CMSIS Pack Vendor :STMicroelectronics X-CUBE-BLE1 6.2.4
2023-09-22 08:52:56,681 [INFO] ThirdParty:967 - CMSIS Pack Vendor :STMicroelectronics X-CUBE-AZRTOS-L5 1.1.0
2023-09-22 08:52:56,681 [INFO] ThirdParty:967 - CMSIS Pack Vendor :STMicroelectronics FreeRTOS 0.0.1
2023-09-22 08:52:56,681 [INFO] ThirdParty:967 - CMSIS Pack Vendor :STMicroelectronics X-CUBE-AZRTOS-G0 1.1.0
2023-09-22 08:52:56,681 [INFO] ThirdParty:967 - CMSIS Pack Vendor :STMicroelectronics X-CUBE-BLEMGR 2.0.0
2023-09-22 08:52:56,681 [INFO] ThirdParty:967 - CMSIS Pack Vendor :STMicroelectronics X-CUBE-AI 8.0.1
2023-09-22 08:52:56,681 [INFO] ThirdParty:967 - CMSIS Pack Vendor :STMicroelectronics X-CUBE-NFC4 3.0.0
2023-09-22 08:52:56,681 [INFO] ThirdParty:967 - CMSIS Pack Vendor :STMicroelectronics X-CUBE-SUBG2 5.0.0
2023-09-22 08:52:56,681 [INFO] ThirdParty:967 - CMSIS Pack Vendor :STMicroelectronics lwIP 2.0.3
2023-09-22 08:52:56,681 [INFO] ThirdParty:967 - CMSIS Pack Vendor :STMicroelectronics USB_HOST 1.0.0
2023-09-22 08:52:56,682 [INFO] ThirdParty:967 - CMSIS Pack Vendor :STMicroelectronics X-CUBE-AZRTOS-G4 2.0.0
2023-09-22 08:52:56,682 [INFO] ThirdParty:967 - CMSIS Pack Vendor :STMicroelectronics PDM2PCM 3.1.0
2023-09-22 08:52:56,682 [INFO] ThirdParty:967 - CMSIS Pack Vendor :STMicroelectronics X-CUBE-AZRTOS-H7 3.1.0
2023-09-22 08:52:56,682 [INFO] ThirdParty:967 - CMSIS Pack Vendor :STMicroelectronics X-CUBE-TOF1 3.3.0
2023-09-22 08:52:56,682 [INFO] ThirdParty:967 - CMSIS Pack Vendor :STMicroelectronics PDM2PCM 3.3.0
2023-09-22 08:52:56,682 [INFO] ThirdParty:967 - CMSIS Pack Vendor :STMicroelectronics X-CUBE-BLE1 7.0.0
2023-09-22 08:52:56,682 [INFO] ThirdParty:967 - CMSIS Pack Vendor :STMicroelectronics FP-ATR-SIGFOX1 3.2.0
2023-09-22 08:52:56,682 [INFO] ThirdParty:967 - CMSIS Pack Vendor :STMicroelectronics HAL Drivers 0.0.0
2023-09-22 08:52:56,682 [INFO] ThirdParty:967 - CMSIS Pack Vendor :STMicroelectronics MBEDTLS 2.16.2
2023-09-22 08:52:56,682 [INFO] ThirdParty:967 - CMSIS Pack Vendor :STMicroelectronics X-CUBE-TOUCHGFX 4.22.0
2023-09-22 08:52:56,682 [INFO] ThirdParty:967 - CMSIS Pack Vendor :STMicroelectronics X-CUBE-NFC7 1.0.1
2023-09-22 08:52:56,682 [INFO] ThirdParty:967 - CMSIS Pack Vendor :STMicroelectronics MBEDTLS 2.14.1
2023-09-22 08:52:56,682 [INFO] ThirdParty:967 - CMSIS Pack Vendor :STMicroelectronics X-CUBE-NFC6 3.0.0
2023-09-22 08:52:56,682 [INFO] ThirdParty:967 - CMSIS Pack Vendor :STMicroelectronics X-CUBE-EEPRMA1 4.1.0
2023-09-22 08:52:56,682 [INFO] ThirdParty:967 - CMSIS Pack Vendor :portGmbH I-Cube-SoM-uGOAL 1.1.0
2023-09-22 08:52:56,682 [INFO] ThirdParty:967 - CMSIS Pack Vendor :STMicroelectronics X-CUBE-ALS 1.0.1
2023-09-22 08:52:56,682 [INFO] ThirdParty:967 - CMSIS Pack Vendor :STMicroelectronics X-CUBE-AZRTOS-WB 1.1.0
2023-09-22 08:52:56,682 [INFO] ThirdParty:967 - CMSIS Pack Vendor :STMicroelectronics X-CUBE-AZRTOS-WL 2.0.0
2023-09-22 08:52:56,683 [INFO] ThirdParty:967 - CMSIS Pack Vendor :SEGGER I-CUBE-embOS 1.3.1
2023-09-22 08:52:56,683 [INFO] ThirdParty:967 - CMSIS Pack Vendor :STMicroelectronics USB_DEVICE 1.0.0
2023-09-22 08:52:56,683 [INFO] ThirdParty:967 - CMSIS Pack Vendor :STMicroelectronics X-CUBE-AI 8.1.0
2023-09-22 08:52:56,683 [INFO] ThirdParty:967 - CMSIS Pack Vendor :STMicroelectronics X-CUBE-AZRTOS-L4 2.0.0
2023-09-22 08:52:56,683 [INFO] ThirdParty:967 - CMSIS Pack Vendor :STMicroelectronics ThreadX 0.0.2
2023-09-22 08:52:56,683 [INFO] ThirdParty:967 - CMSIS Pack Vendor :WES I-CUBE-Cesium 1.3.0
2023-09-22 08:52:56,683 [INFO] ThirdParty:967 - CMSIS Pack Vendor :STMicroelectronics FP-ATR-ASTRA1 2.0.0
2023-09-22 08:52:56,683 [INFO] ThirdParty:967 - CMSIS Pack Vendor :STMicroelectronics lwIP 2.1.2
2023-09-22 08:52:56,683 [INFO] ThirdParty:967 - CMSIS Pack Vendor :STMicroelectronics X-CUBE-SFXS2LP1 4.0.0
2023-09-22 08:52:56,683 [INFO] ThirdParty:967 - CMSIS Pack Vendor :STMicroelectronics X-CUBE-BLE2 3.3.0
2023-09-22 08:52:56,683 [INFO] ThirdParty:967 - CMSIS Pack Vendor :STMicroelectronics PDM2PCM 3.2.0
2023-09-22 08:52:56,683 [INFO] ThirdParty:787 - exiting critical section [change project]
2023-09-22 08:52:56,871 [INFO] PinOutPanel:1463 - setPackage(No Configuration,No Configuration)
2023-09-22 08:52:56,872 [INFO] PinOutPanel:1463 - setPackage(STM32F103C6Ux,UFQFPN48)
2023-09-22 08:52:57,169 [INFO] UtilMem:74 - Before build in PCC Used Memory: 520243344 Bytes (629145600)
2023-09-22 08:52:57,659 [INFO] UtilMem:74 - After build in PCC Used Memory: 575683160 Bytes (629145600)
2023-09-22 08:52:57,680 [INFO] IPUIPlugin:74 - create IPUIPlugin
2023-09-22 08:52:57,680 [INFO] IPUIPlugin:74 - create IPUIPlugin
2023-09-22 08:52:57,680 [INFO] IPUIPlugin:74 - create IPUIPlugin
2023-09-22 08:52:57,681 [INFO] IPUIPlugin:74 - create IPUIPlugin
2023-09-22 08:52:57,681 [INFO] IPUIPlugin:74 - create IPUIPlugin
2023-09-22 08:52:57,681 [INFO] IPUIPlugin:74 - create IPUIPlugin
2023-09-22 08:52:57,681 [INFO] IPUIPlugin:74 - create IPUIPlugin
2023-09-22 08:52:57,681 [INFO] IPUIPlugin:74 - create IPUIPlugin
2023-09-22 08:52:57,681 [INFO] IPUIPlugin:74 - create IPUIPlugin
2023-09-22 08:52:57,682 [INFO] IPUIPlugin:74 - create IPUIPlugin
2023-09-22 08:52:57,682 [INFO] IPUIPlugin:74 - create IPUIPlugin
2023-09-22 08:52:57,682 [INFO] IPUIPlugin:74 - create IPUIPlugin
2023-09-22 08:52:57,683 [INFO] IPUIPlugin:74 - create IPUIPlugin
2023-09-22 08:52:57,683 [INFO] IPUIPlugin:74 - create IPUIPlugin
2023-09-22 08:52:57,683 [INFO] IPUIPlugin:74 - create IPUIPlugin
2023-09-22 08:52:57,683 [INFO] IPUIPlugin:74 - create IPUIPlugin
2023-09-22 08:52:57,684 [INFO] IPUIPlugin:74 - create IPUIPlugin
2023-09-22 08:52:57,684 [INFO] IPUIPlugin:74 - create IPUIPlugin
2023-09-22 08:52:57,684 [INFO] IPUIPlugin:74 - create IPUIPlugin
2023-09-22 08:52:57,685 [INFO] IPUIPlugin:74 - create IPUIPlugin
2023-09-22 08:52:57,685 [INFO] IPUIPlugin:74 - create IPUIPlugin
2023-09-22 08:52:57,686 [INFO] IPUIPlugin:74 - create IPUIPlugin
2023-09-22 08:52:57,686 [INFO] IPUIPlugin:74 - create IPUIPlugin
2023-09-22 08:52:57,811 [INFO] OpenFileManager:333 - Restore cursor
2023-09-22 08:52:58,057 [INFO] UtilMem:74 - End SaveConfig() Used Memory: 580945344 Bytes (629145600)
2023-09-22 08:52:58,126 [INFO] UtilMem:74 - End SaveConfig() Used Memory: 560831336 Bytes (629145600)
2023-09-22 08:52:58,402 [INFO] BlockDiagram:2740 - set Specific Code input for plugin: NVIC
2023-09-22 08:52:58,404 [INFO] BlockDiagram:2740 - set Specific Code input for plugin: SYS
2023-09-22 08:52:58,404 [INFO] BlockDiagram:2740 - set Specific Code input for plugin: RCC
2023-09-22 08:52:58,405 [INFO] CodeGenerator:663 - code generatio: config db path: C:\ST\STM32CubeIDE_1.7.0\STM32CubeIDE\plugins\com.st.stm32cube.common.mx_6.3.0.202107141111\\db\
2023-09-22 08:52:58,667 [INFO] CodeEngine:239 - oldGeneratedFile, E:\Semester 231\Microcontroller-Microprocessor\PracticeLab\Lab 1\Exercise 3\Ex3_4_5\MXTmpFiles\license.tmp_save
2023-09-22 08:52:58,934 [INFO] CodeEngine:257 - Generated code: E:\Semester 231\Microcontroller-Microprocessor\PracticeLab\Lab 1\Exercise 3\Ex3_4_5\MXTmpFiles\license.tmp
2023-09-22 08:52:59,027 [INFO] CodeEngine:239 - oldGeneratedFile, E:\Semester 231\Microcontroller-Microprocessor\PracticeLab\Lab 1\Exercise 3\Ex3_4_5\Core\Src\stm32f1xx_it.c_save
2023-09-22 08:52:59,134 [INFO] CodeEngine:257 - Generated code: E:\Semester 231\Microcontroller-Microprocessor\PracticeLab\Lab 1\Exercise 3\Ex3_4_5\Core\Src\stm32f1xx_it.c
2023-09-22 08:52:59,136 [INFO] CodeEngine:239 - oldGeneratedFile, E:\Semester 231\Microcontroller-Microprocessor\PracticeLab\Lab 1\Exercise 3\Ex3_4_5\Core\Inc\stm32f1xx_it.h_save
2023-09-22 08:52:59,211 [INFO] CodeEngine:257 - Generated code: E:\Semester 231\Microcontroller-Microprocessor\PracticeLab\Lab 1\Exercise 3\Ex3_4_5\Core\Inc\stm32f1xx_it.h
2023-09-22 08:52:59,218 [INFO] CodeEngine:239 - oldGeneratedFile, E:\Semester 231\Microcontroller-Microprocessor\PracticeLab\Lab 1\Exercise 3\Ex3_4_5\Core\Src\stm32f1xx_hal_msp.c_save
2023-09-22 08:52:59,309 [INFO] CodeEngine:257 - Generated code: E:\Semester 231\Microcontroller-Microprocessor\PracticeLab\Lab 1\Exercise 3\Ex3_4_5\Core\Src\stm32f1xx_hal_msp.c
2023-09-22 08:52:59,312 [INFO] CodeEngine:239 - oldGeneratedFile, E:\Semester 231\Microcontroller-Microprocessor\PracticeLab\Lab 1\Exercise 3\Ex3_4_5\MXTmpFiles\system.tmp_save
2023-09-22 08:52:59,360 [INFO] CodeEngine:257 - Generated code: E:\Semester 231\Microcontroller-Microprocessor\PracticeLab\Lab 1\Exercise 3\Ex3_4_5\MXTmpFiles\system.tmp
2023-09-22 08:52:59,365 [INFO] CodeEngine:239 - oldGeneratedFile, E:\Semester 231\Microcontroller-Microprocessor\PracticeLab\Lab 1\Exercise 3\Ex3_4_5\Core\Inc\stm32f1xx_hal_conf.h_save
2023-09-22 08:52:59,429 [INFO] CodeEngine:257 - Generated code: E:\Semester 231\Microcontroller-Microprocessor\PracticeLab\Lab 1\Exercise 3\Ex3_4_5\Core\Inc\stm32f1xx_hal_conf.h
2023-09-22 08:52:59,458 [INFO] CodeEngine:239 - oldGeneratedFile, E:\Semester 231\Microcontroller-Microprocessor\PracticeLab\Lab 1\Exercise 3\Ex3_4_5\Core\Inc\main.h_save
2023-09-22 08:52:59,517 [INFO] CodeEngine:257 - Generated code: E:\Semester 231\Microcontroller-Microprocessor\PracticeLab\Lab 1\Exercise 3\Ex3_4_5\Core\Inc\main.h
2023-09-22 08:52:59,520 [INFO] CodeEngine:239 - oldGeneratedFile, E:\Semester 231\Microcontroller-Microprocessor\PracticeLab\Lab 1\Exercise 3\Ex3_4_5\Core\Src\main.c_save
2023-09-22 08:52:59,601 [INFO] CodeEngine:257 - Generated code: E:\Semester 231\Microcontroller-Microprocessor\PracticeLab\Lab 1\Exercise 3\Ex3_4_5\Core\Src\main.c
2023-09-22 08:53:00,268 [INFO] ProjectBuilder:2578 - Time for Copy HAL[1] : 42mS.
2023-09-22 08:53:00,272 [INFO] ProjectBuilder:3622 - Project Generator version: 3.14.1
2023-09-22 08:53:00,660 [INFO] ConfigFileManager:1271 - The Die is : DIE412
2023-09-22 08:53:00,672 [INFO] ApiDbMcu:468 - Load IP Config File for FATFS
2023-09-22 08:53:00,699 [INFO] ApiDbMcu:468 - Load IP Config File for FREERTOS
2023-09-22 08:53:00,720 [INFO] ApiDbMcu:468 - Load IP Config File for USB_DEVICE
2023-09-22 08:53:02,904 [INFO] ProjectBuilder:3789 - Time for Generating toolchain IDE Files: 2632mS.
2023-09-22 08:53:02,904 [INFO] ProjectBuilder:2457 - Time for Copy CMSIS : 0mS.
2023-09-22 08:53:02,905 [INFO] ProjectBuilder:2457 - Time for Copy CMSIS : 0mS.
2023-09-22 08:53:03,368 [INFO] McuFinderGlobals:52 - Set McuFinderConnectedMode to true
2023-09-22 08:53:03,369 [INFO] ApiDb:276 - Save user favorites file C:\Users\USER/.stm32cubeide/favorites.mcus.txt: 0 item(s)
2023-09-22 08:53:03,370 [INFO] ApiDb:280 - User favorites MCUs=[]
2023-09-22 08:54:18,329 [INFO] UtilMem:74 - End SaveConfig() Used Memory: 785938752 Bytes (912261120)
2023-09-22 08:54:21,782 [INFO] UtilMem:74 - End SaveConfig() Used Memory: 806197768 Bytes (912261120)
2023-09-22 08:54:22,055 [INFO] BlockDiagram:2740 - set Specific Code input for plugin: NVIC
2023-09-22 08:54:22,055 [INFO] BlockDiagram:2740 - set Specific Code input for plugin: SYS
2023-09-22 08:54:22,056 [INFO] BlockDiagram:2740 - set Specific Code input for plugin: GPIO
2023-09-22 08:54:22,056 [INFO] BlockDiagram:2740 - set Specific Code input for plugin: RCC
2023-09-22 08:54:22,056 [INFO] CodeGenerator:663 - code generatio: config db path: C:\ST\STM32CubeIDE_1.7.0\STM32CubeIDE\plugins\com.st.stm32cube.common.mx_6.3.0.202107141111\\db\
2023-09-22 08:54:22,332 [INFO] CodeEngine:239 - oldGeneratedFile, E:\Semester 231\Microcontroller-Microprocessor\PracticeLab\Lab 1\Exercise 3\Ex3_4_5\MXTmpFiles\license.tmp_save
2023-09-22 08:54:22,378 [INFO] CodeEngine:257 - Generated code: E:\Semester 231\Microcontroller-Microprocessor\PracticeLab\Lab 1\Exercise 3\Ex3_4_5\MXTmpFiles\license.tmp
2023-09-22 08:54:22,408 [INFO] CodeEngine:239 - oldGeneratedFile, E:\Semester 231\Microcontroller-Microprocessor\PracticeLab\Lab 1\Exercise 3\Ex3_4_5\MXTmpFiles\gpio.tmp_save
2023-09-22 08:54:22,473 [INFO] CodeEngine:257 - Generated code: E:\Semester 231\Microcontroller-Microprocessor\PracticeLab\Lab 1\Exercise 3\Ex3_4_5\MXTmpFiles\gpio.tmp
2023-09-22 08:54:22,496 [INFO] CodeEngine:239 - oldGeneratedFile, E:\Semester 231\Microcontroller-Microprocessor\PracticeLab\Lab 1\Exercise 3\Ex3_4_5\Core\Src\stm32f1xx_it.c_save
2023-09-22 08:54:22,558 [INFO] CodeEngine:257 - Generated code: E:\Semester 231\Microcontroller-Microprocessor\PracticeLab\Lab 1\Exercise 3\Ex3_4_5\Core\Src\stm32f1xx_it.c
2023-09-22 08:54:22,566 [INFO] CodeEngine:239 - oldGeneratedFile, E:\Semester 231\Microcontroller-Microprocessor\PracticeLab\Lab 1\Exercise 3\Ex3_4_5\Core\Inc\stm32f1xx_it.h_save
2023-09-22 08:54:22,622 [INFO] CodeEngine:257 - Generated code: E:\Semester 231\Microcontroller-Microprocessor\PracticeLab\Lab 1\Exercise 3\Ex3_4_5\Core\Inc\stm32f1xx_it.h
2023-09-22 08:54:22,633 [INFO] CodeEngine:239 - oldGeneratedFile, E:\Semester 231\Microcontroller-Microprocessor\PracticeLab\Lab 1\Exercise 3\Ex3_4_5\Core\Src\stm32f1xx_hal_msp.c_save
2023-09-22 08:54:22,701 [INFO] CodeEngine:257 - Generated code: E:\Semester 231\Microcontroller-Microprocessor\PracticeLab\Lab 1\Exercise 3\Ex3_4_5\Core\Src\stm32f1xx_hal_msp.c
2023-09-22 08:54:22,703 [INFO] CodeEngine:239 - oldGeneratedFile, E:\Semester 231\Microcontroller-Microprocessor\PracticeLab\Lab 1\Exercise 3\Ex3_4_5\MXTmpFiles\system.tmp_save
2023-09-22 08:54:22,741 [INFO] CodeEngine:257 - Generated code: E:\Semester 231\Microcontroller-Microprocessor\PracticeLab\Lab 1\Exercise 3\Ex3_4_5\MXTmpFiles\system.tmp
2023-09-22 08:54:22,752 [INFO] CodeEngine:239 - oldGeneratedFile, E:\Semester 231\Microcontroller-Microprocessor\PracticeLab\Lab 1\Exercise 3\Ex3_4_5\Core\Inc\stm32f1xx_hal_conf.h_save
2023-09-22 08:54:22,835 [INFO] CodeEngine:257 - Generated code: E:\Semester 231\Microcontroller-Microprocessor\PracticeLab\Lab 1\Exercise 3\Ex3_4_5\Core\Inc\stm32f1xx_hal_conf.h
2023-09-22 08:54:22,860 [INFO] CodeEngine:239 - oldGeneratedFile, E:\Semester 231\Microcontroller-Microprocessor\PracticeLab\Lab 1\Exercise 3\Ex3_4_5\Core\Inc\main.h_save
2023-09-22 08:54:22,931 [INFO] CodeEngine:257 - Generated code: E:\Semester 231\Microcontroller-Microprocessor\PracticeLab\Lab 1\Exercise 3\Ex3_4_5\Core\Inc\main.h
2023-09-22 08:54:22,941 [INFO] CodeEngine:239 - oldGeneratedFile, E:\Semester 231\Microcontroller-Microprocessor\PracticeLab\Lab 1\Exercise 3\Ex3_4_5\Core\Src\main.c_save
2023-09-22 08:54:23,059 [INFO] CodeEngine:257 - Generated code: E:\Semester 231\Microcontroller-Microprocessor\PracticeLab\Lab 1\Exercise 3\Ex3_4_5\Core\Src\main.c
2023-09-22 08:54:23,660 [INFO] ProjectBuilder:2578 - Time for Copy HAL[1] : 43mS.
2023-09-22 08:54:23,663 [INFO] ProjectBuilder:3622 - Project Generator version: 3.14.1
2023-09-22 08:54:24,028 [INFO] ConfigFileManager:1271 - The Die is : DIE412
2023-09-22 08:54:25,349 [INFO] ProjectBuilder:3789 - Time for Generating toolchain IDE Files: 1686mS.
2023-09-22 08:54:25,350 [INFO] ProjectBuilder:2457 - Time for Copy CMSIS : 1mS.
2023-09-22 08:54:25,351 [INFO] ProjectBuilder:2457 - Time for Copy CMSIS : 0mS.
2023-09-22 09:02:30,239 [INFO] UtilMem:74 - End SaveConfig() Used Memory: 937798960 Bytes (1060110336)
2023-09-22 09:02:30,759 [INFO] UtilMem:74 - End SaveConfig() Used Memory: 788615352 Bytes (1060110336)
2023-09-22 09:02:31,027 [INFO] BlockDiagram:2740 - set Specific Code input for plugin: NVIC
2023-09-22 09:02:31,028 [INFO] BlockDiagram:2740 - set Specific Code input for plugin: SYS
2023-09-22 09:02:31,028 [INFO] BlockDiagram:2740 - set Specific Code input for plugin: GPIO
2023-09-22 09:02:31,028 [INFO] BlockDiagram:2740 - set Specific Code input for plugin: RCC
2023-09-22 09:02:31,028 [INFO] CodeGenerator:663 - code generatio: config db path: C:\ST\STM32CubeIDE_1.7.0\STM32CubeIDE\plugins\com.st.stm32cube.common.mx_6.3.0.202107141111\\db\
2023-09-22 09:02:31,261 [INFO] CodeEngine:239 - oldGeneratedFile, E:\Semester 231\Microcontroller-Microprocessor\PracticeLab\Lab 1\Exercise 3\Ex3_4_5\MXTmpFiles\license.tmp_save
2023-09-22 09:02:31,344 [INFO] CodeEngine:257 - Generated code: E:\Semester 231\Microcontroller-Microprocessor\PracticeLab\Lab 1\Exercise 3\Ex3_4_5\MXTmpFiles\license.tmp
2023-09-22 09:02:31,394 [INFO] CodeEngine:239 - oldGeneratedFile, E:\Semester 231\Microcontroller-Microprocessor\PracticeLab\Lab 1\Exercise 3\Ex3_4_5\MXTmpFiles\gpio.tmp_save
2023-09-22 09:02:31,468 [INFO] CodeEngine:257 - Generated code: E:\Semester 231\Microcontroller-Microprocessor\PracticeLab\Lab 1\Exercise 3\Ex3_4_5\MXTmpFiles\gpio.tmp
2023-09-22 09:02:31,503 [INFO] CodeEngine:239 - oldGeneratedFile, E:\Semester 231\Microcontroller-Microprocessor\PracticeLab\Lab 1\Exercise 3\Ex3_4_5\Core\Src\stm32f1xx_it.c_save
2023-09-22 09:02:31,562 [INFO] CodeEngine:257 - Generated code: E:\Semester 231\Microcontroller-Microprocessor\PracticeLab\Lab 1\Exercise 3\Ex3_4_5\Core\Src\stm32f1xx_it.c
2023-09-22 09:02:31,571 [INFO] CodeEngine:239 - oldGeneratedFile, E:\Semester 231\Microcontroller-Microprocessor\PracticeLab\Lab 1\Exercise 3\Ex3_4_5\Core\Inc\stm32f1xx_it.h_save
2023-09-22 09:02:31,618 [INFO] CodeEngine:257 - Generated code: E:\Semester 231\Microcontroller-Microprocessor\PracticeLab\Lab 1\Exercise 3\Ex3_4_5\Core\Inc\stm32f1xx_it.h
2023-09-22 09:02:31,632 [INFO] CodeEngine:239 - oldGeneratedFile, E:\Semester 231\Microcontroller-Microprocessor\PracticeLab\Lab 1\Exercise 3\Ex3_4_5\Core\Src\stm32f1xx_hal_msp.c_save
2023-09-22 09:02:31,716 [INFO] CodeEngine:257 - Generated code: E:\Semester 231\Microcontroller-Microprocessor\PracticeLab\Lab 1\Exercise 3\Ex3_4_5\Core\Src\stm32f1xx_hal_msp.c
2023-09-22 09:02:31,719 [INFO] CodeEngine:239 - oldGeneratedFile, E:\Semester 231\Microcontroller-Microprocessor\PracticeLab\Lab 1\Exercise 3\Ex3_4_5\MXTmpFiles\system.tmp_save
2023-09-22 09:02:31,760 [INFO] CodeEngine:257 - Generated code: E:\Semester 231\Microcontroller-Microprocessor\PracticeLab\Lab 1\Exercise 3\Ex3_4_5\MXTmpFiles\system.tmp
2023-09-22 09:02:31,770 [INFO] CodeEngine:239 - oldGeneratedFile, E:\Semester 231\Microcontroller-Microprocessor\PracticeLab\Lab 1\Exercise 3\Ex3_4_5\Core\Inc\stm32f1xx_hal_conf.h_save
2023-09-22 09:02:31,840 [INFO] CodeEngine:257 - Generated code: E:\Semester 231\Microcontroller-Microprocessor\PracticeLab\Lab 1\Exercise 3\Ex3_4_5\Core\Inc\stm32f1xx_hal_conf.h
2023-09-22 09:02:31,863 [INFO] CodeEngine:239 - oldGeneratedFile, E:\Semester 231\Microcontroller-Microprocessor\PracticeLab\Lab 1\Exercise 3\Ex3_4_5\Core\Inc\main.h_save
2023-09-22 09:02:31,935 [INFO] CodeEngine:257 - Generated code: E:\Semester 231\Microcontroller-Microprocessor\PracticeLab\Lab 1\Exercise 3\Ex3_4_5\Core\Inc\main.h
2023-09-22 09:02:31,944 [INFO] CodeEngine:239 - oldGeneratedFile, E:\Semester 231\Microcontroller-Microprocessor\PracticeLab\Lab 1\Exercise 3\Ex3_4_5\Core\Src\main.c_save
2023-09-22 09:02:32,032 [INFO] CodeEngine:257 - Generated code: E:\Semester 231\Microcontroller-Microprocessor\PracticeLab\Lab 1\Exercise 3\Ex3_4_5\Core\Src\main.c
2023-09-22 09:02:32,698 [INFO] ProjectBuilder:2578 - Time for Copy HAL[1] : 60mS.
2023-09-22 09:02:32,701 [INFO] ProjectBuilder:3622 - Project Generator version: 3.14.1
2023-09-22 09:02:33,085 [INFO] ConfigFileManager:1271 - The Die is : DIE412
2023-09-22 09:02:34,458 [INFO] ProjectBuilder:3789 - Time for Generating toolchain IDE Files: 1757mS.
2023-09-22 09:02:34,459 [INFO] ProjectBuilder:2457 - Time for Copy CMSIS : 0mS.
2023-09-22 09:02:34,461 [INFO] ProjectBuilder:2457 - Time for Copy CMSIS : 0mS.
